May  3 16:35:02 xTR_sg newsyslog[833]: logfile first created
May  3 16:42:12 xTR_sg kernel: [LISP_INPUT] Lookup delay 255410 
May  3 16:42:12 xTR_sg kernel: [LISP_INPUT] Encapsulation delay 1915998 
May  3 16:42:13 xTR_sg kernel: [LISP_INPUT] Lookup delay 2809 
May  3 16:42:13 xTR_sg kernel: [LISP_INPUT] Encapsulation delay 151932 
May  3 16:42:14 xTR_sg kernel: [LISP_INPUT] Lookup delay 4072 
May  3 16:42:14 xTR_sg kernel: [LISP_INPUT] Encapsulation delay 206769 
May  3 16:42:15 xTR_sg kernel: [LISP_INPUT] Lookup delay 2831 
May  3 16:42:15 xTR_sg kernel: [LISP_INPUT] Encapsulation delay 192172 
May  3 16:42:16 xTR_sg kernel: [LISP_INPUT] Lookup delay 2898 
May  3 16:42:16 xTR_sg kernel: [LISP_INPUT] Encapsulation delay 206927 
May  3 16:42:17 xTR_sg kernel: [LISP_INPUT] Lookup delay 2231 
May  3 16:42:17 xTR_sg kernel: [LISP_INPUT] Encapsulation delay 132467 
May  3 16:42:18 xTR_sg kernel: [LISP_INPUT] Lookup delay 2573 
May  3 16:42:18 xTR_sg kernel: [LISP_INPUT] Encapsulation delay 150317 
May  3 16:42:19 xTR_sg kernel: [LISP_INPUT] Lookup delay 2838 
May  3 16:42:19 xTR_sg kernel: [LISP_INPUT] Encapsulation delay 206172 
May  3 16:42:20 xTR_sg kernel: [LISP_INPUT] Lookup delay 2523 
May  3 16:42:20 xTR_sg kernel: [LISP_INPUT] Encapsulation delay 407956 
May  3 16:42:21 xTR_sg kernel: [LISP_INPUT] Lookup delay 2438 
May  3 16:42:21 xTR_sg kernel: [LISP_INPUT] Encapsulation delay 381094 
May  3 16:42:22 xTR_sg kernel: [LISP_INPUT] Lookup delay 3809 
May  3 16:42:22 xTR_sg kernel: [LISP_INPUT] Encapsulation delay 240745 
May  3 16:42:23 xTR_sg kernel: [LISP_INPUT] Lookup delay 2697 
May  3 16:42:23 xTR_sg kernel: [LISP_INPUT] Encapsulation delay 131693 
May  3 16:42:24 xTR_sg kernel: [LISP_INPUT] Lookup delay 2927 
May  3 16:42:24 xTR_sg kernel: [LISP_INPUT] Encapsulation delay 154086 
May  3 16:42:25 xTR_sg kernel: [LISP_INPUT] Lookup delay 35480 
May  3 16:42:25 xTR_sg kernel: [LISP_INPUT] Encapsulation delay 243868 
May  3 16:42:26 xTR_sg kernel: [LISP_INPUT] Lookup delay 3782 
May  3 16:42:26 xTR_sg kernel: [LISP_INPUT] Encapsulation delay 199465 
May  3 16:42:27 xTR_sg kernel: [LISP_INPUT] Lookup delay 2528 
May  3 16:42:27 xTR_sg kernel: [LISP_INPUT] Encapsulation delay 146810 
May  3 16:42:28 xTR_sg kernel: [LISP_INPUT] Lookup delay 2343 
May  3 16:42:28 xTR_sg kernel: [LISP_INPUT] Encapsulation delay 142920 
May  3 16:42:29 xTR_sg kernel: [LISP_INPUT] Lookup delay 2906 
May  3 16:42:29 xTR_sg kernel: [LISP_INPUT] Encapsulation delay 145027 
May  3 16:42:30 xTR_sg kernel: [LISP_INPUT] Lookup delay 3188 
May  3 16:42:30 xTR_sg kernel: [LISP_INPUT] Encapsulation delay 219969 
May  3 16:42:31 xTR_sg kernel: [LISP_INPUT] Lookup delay 3029 
May  3 16:42:31 xTR_sg kernel: [LISP_INPUT] Encapsulation delay 134824 
May  3 16:42:32 xTR_sg kernel: [LISP_INPUT] Lookup delay 3077 
May  3 16:42:32 xTR_sg kernel: [LISP_INPUT] Encapsulation delay 199778 
May  3 16:42:33 xTR_sg kernel: [LISP_INPUT] Lookup delay 2562 
May  3 16:42:33 xTR_sg kernel: [LISP_INPUT] Encapsulation delay 137933 
May  3 16:42:34 xTR_sg kernel: [LISP_INPUT] Lookup delay 2755 
May  3 16:42:34 xTR_sg kernel: [LISP_INPUT] Encapsulation delay 474613 
May  3 16:42:35 xTR_sg kernel: [LISP_INPUT] Lookup delay 3143 
May  3 16:42:35 xTR_sg kernel: [LISP_INPUT] Encapsulation delay 133519 
May  3 16:42:36 xTR_sg kernel: [LISP_INPUT] Lookup delay 3018 
May  3 16:42:36 xTR_sg kernel: [LISP_INPUT] Encapsulation delay 370445 
May  3 16:42:37 xTR_sg kernel: [LISP_INPUT] Lookup delay 3023 
May  3 16:42:37 xTR_sg kernel: [LISP_INPUT] Encapsulation delay 395639 
May  3 16:42:38 xTR_sg kernel: [LISP_INPUT] Lookup delay 2873 
May  3 16:42:38 xTR_sg kernel: [LISP_INPUT] Encapsulation delay 155246 
May  3 16:42:39 xTR_sg kernel: [LISP_INPUT] Lookup delay 2954 
May  3 16:42:39 xTR_sg kernel: [LISP_INPUT] Encapsulation delay 143285 
May  3 16:42:40 xTR_sg kernel: [LISP_INPUT] Lookup delay 2874 
May  3 16:42:40 xTR_sg kernel: [LISP_INPUT] Encapsulation delay 139219 
May  3 16:42:41 xTR_sg kernel: [LISP_INPUT] Lookup delay 2871 
May  3 16:42:41 xTR_sg kernel: [LISP_INPUT] Encapsulation delay 133477 
May  3 16:42:42 xTR_sg kernel: [LISP_INPUT] Lookup delay 2721 
May  3 16:42:42 xTR_sg kernel: [LISP_INPUT] Encapsulation delay 152064 
May  3 16:42:43 xTR_sg kernel: [LISP_INPUT] Lookup delay 2635 
May  3 16:42:43 xTR_sg kernel: [LISP_INPUT] Encapsulation delay 142206 
May  3 16:42:44 xTR_sg kernel: [LISP_INPUT] Lookup delay 2916 
May  3 16:42:44 xTR_sg kernel: [LISP_INPUT] Encapsulation delay 159470 
May  3 16:42:45 xTR_sg kernel: [LISP_INPUT] Lookup delay 2567 
May  3 16:42:45 xTR_sg kernel: [LISP_INPUT] Encapsulation delay 135090 
May  3 16:42:46 xTR_sg kernel: [LISP_INPUT] Lookup delay 2497 
May  3 16:42:46 xTR_sg kernel: [LISP_INPUT] Encapsulation delay 142341 
May  3 16:42:47 xTR_sg kernel: [LISP_INPUT] Lookup delay 4193 
May  3 16:42:47 xTR_sg kernel: [LISP_INPUT] Encapsulation delay 247329 
May  3 16:42:48 xTR_sg kernel: [LISP_INPUT] Lookup delay 2975 
May  3 16:42:48 xTR_sg kernel: [LISP_INPUT] Encapsulation delay 144685 
May  3 16:42:49 xTR_sg kernel: [LISP_INPUT] Lookup delay 2648 
May  3 16:42:49 xTR_sg kernel: [LISP_INPUT] Encapsulation delay 140051 
May  3 16:42:50 xTR_sg kernel: [LISP_INPUT] Lookup delay 2332 
May  3 16:42:50 xTR_sg kernel: [LISP_INPUT] Encapsulation delay 129534 
May  3 16:42:51 xTR_sg kernel: [LISP_INPUT] Lookup delay 2684 
May  3 16:42:51 xTR_sg kernel: [LISP_INPUT] Encapsulation delay 609925 
May  3 16:42:52 xTR_sg kernel: [LISP_INPUT] Lookup delay 3308 
May  3 16:42:52 xTR_sg kernel: [LISP_INPUT] Encapsulation delay 167962 
May  3 16:42:53 xTR_sg kernel: [LISP_INPUT] Lookup delay 2769 
May  3 16:42:53 xTR_sg kernel: [LISP_INPUT] Encapsulation delay 159548 
May  3 16:42:54 xTR_sg kernel: [LISP_INPUT] Lookup delay 3462 
May  3 16:42:54 xTR_sg kernel: [LISP_INPUT] Encapsulation delay 376631 
May  3 16:42:55 xTR_sg kernel: [LISP_INPUT] Lookup delay 3163 
May  3 16:42:55 xTR_sg kernel: [LISP_INPUT] Encapsulation delay 759197 
May  3 16:42:56 xTR_sg kernel: [LISP_INPUT] Lookup delay 2686 
May  3 16:42:56 xTR_sg kernel: [LISP_INPUT] Encapsulation delay 375924 
May  3 16:42:57 xTR_sg kernel: [LISP_INPUT] Lookup delay 2749 
May  3 16:42:57 xTR_sg kernel: [LISP_INPUT] Encapsulation delay 139049 
May  3 16:42:58 xTR_sg kernel: [LISP_INPUT] Lookup delay 2611 
May  3 16:42:58 xTR_sg kernel: [LISP_INPUT] Encapsulation delay 130482 
May  3 16:42:59 xTR_sg kernel: [LISP_INPUT] Lookup delay 2926 
May  3 16:42:59 xTR_sg kernel: [LISP_INPUT] Encapsulation delay 134020 
May  3 16:43:00 xTR_sg kernel: [LISP_INPUT] Lookup delay 3053 
May  3 16:43:00 xTR_sg kernel: [LISP_INPUT] Encapsulation delay 156882 
May  3 16:43:01 xTR_sg kernel: [LISP_INPUT] Lookup delay 3061 
May  3 16:43:01 xTR_sg kernel: [LISP_INPUT] Encapsulation delay 162994 
May  3 16:43:02 xTR_sg kernel: [LISP_INPUT] Lookup delay 2711 
May  3 16:43:02 xTR_sg kernel: [LISP_INPUT] Encapsulation delay 386570 
May  3 16:43:03 xTR_sg kernel: [LISP_INPUT] Lookup delay 3017 
May  3 16:43:03 xTR_sg kernel: [LISP_INPUT] Encapsulation delay 140878 
May  3 16:43:04 xTR_sg kernel: [LISP_INPUT] Lookup delay 3116 
May  3 16:43:04 xTR_sg kernel: [LISP_INPUT] Encapsulation delay 184698 
May  3 16:43:05 xTR_sg kernel: [LISP_INPUT] Lookup delay 2642 
May  3 16:43:05 xTR_sg kernel: [LISP_INPUT] Encapsulation delay 131213 
May  3 16:43:06 xTR_sg kernel: [LISP_INPUT] Lookup delay 2624 
May  3 16:43:06 xTR_sg kernel: [LISP_INPUT] Encapsulation delay 130062 
May  3 16:43:07 xTR_sg kernel: [LISP_INPUT] Lookup delay 2522 
May  3 16:43:07 xTR_sg kernel: [LISP_INPUT] Encapsulation delay 132549 
May  3 16:43:08 xTR_sg kernel: [LISP_INPUT] Lookup delay 2592 
May  3 16:43:08 xTR_sg kernel: [LISP_INPUT] Encapsulation delay 145514 
May  3 16:43:09 xTR_sg kernel: [LISP_INPUT] Lookup delay 2818 
May  3 16:43:09 xTR_sg kernel: [LISP_INPUT] Encapsulation delay 156742 
May  3 16:43:10 xTR_sg kernel: [LISP_INPUT] Lookup delay 2696 
May  3 16:43:10 xTR_sg kernel: [LISP_INPUT] Encapsulation delay 147864 
May  3 16:43:11 xTR_sg kernel: [LISP_INPUT] Lookup delay 2426 
May  3 16:43:11 xTR_sg kernel: [LISP_INPUT] Encapsulation delay 171255 
May  3 16:43:12 xTR_sg kernel: [LISP_INPUT] Lookup delay 2486 
May  3 16:43:12 xTR_sg kernel: [LISP_INPUT] Encapsulation delay 150119 
May  3 16:43:13 xTR_sg kernel: [LISP_INPUT] Lookup delay 3217 
May  3 16:43:13 xTR_sg kernel: [LISP_INPUT] Encapsulation delay 132222 
May  3 16:43:14 xTR_sg kernel: [LISP_INPUT] Lookup delay 2428 
May  3 16:43:14 xTR_sg kernel: [LISP_INPUT] Encapsulation delay 346007 
May  3 16:43:15 xTR_sg kernel: [LISP_INPUT] Lookup delay 2458 
May  3 16:43:15 xTR_sg kernel: [LISP_INPUT] Encapsulation delay 150806 
May  3 16:43:16 xTR_sg kernel: [LISP_INPUT] Lookup delay 2650 
May  3 16:43:16 xTR_sg kernel: [LISP_INPUT] Encapsulation delay 387683 
May  3 16:43:17 xTR_sg kernel: [LISP_INPUT] Lookup delay 2776 
May  3 16:43:17 xTR_sg kernel: [LISP_INPUT] Encapsulation delay 157429 
May  3 16:43:18 xTR_sg kernel: [LISP_INPUT] Lookup delay 4992 
May  3 16:43:18 xTR_sg kernel: [LISP_INPUT] Encapsulation delay 155966 
May  3 16:43:19 xTR_sg kernel: [LISP_INPUT] Lookup delay 2520 
May  3 16:43:19 xTR_sg kernel: [LISP_INPUT] Encapsulation delay 131994 
May  3 16:43:20 xTR_sg kernel: [LISP_INPUT] Lookup delay 3268 
May  3 16:43:20 xTR_sg kernel: [LISP_INPUT] Encapsulation delay 190723 
May  3 16:43:21 xTR_sg kernel: [LISP_INPUT] Lookup delay 2870 
May  3 16:43:21 xTR_sg kernel: [LISP_INPUT] Encapsulation delay 370250 
May  3 16:43:22 xTR_sg kernel: [LISP_INPUT] Lookup delay 2336 
May  3 16:43:22 xTR_sg kernel: [LISP_INPUT] Encapsulation delay 133364 
May  3 16:43:23 xTR_sg kernel: [LISP_INPUT] Lookup delay 2217 
May  3 16:43:23 xTR_sg kernel: [LISP_INPUT] Encapsulation delay 157174 
May  3 16:43:24 xTR_sg kernel: [LISP_INPUT] Lookup delay 3149 
May  3 16:43:24 xTR_sg kernel: [LISP_INPUT] Encapsulation delay 152353 
May  3 16:43:25 xTR_sg kernel: [LISP_INPUT] Lookup delay 2369 
May  3 16:43:25 xTR_sg kernel: [LISP_INPUT] Encapsulation delay 137664 
May  3 16:43:26 xTR_sg kernel: [LISP_INPUT] Lookup delay 3249 
May  3 16:43:26 xTR_sg kernel: [LISP_INPUT] Encapsulation delay 132754 
May  3 16:43:27 xTR_sg kernel: [LISP_INPUT] Lookup delay 3031 
May  3 16:43:27 xTR_sg kernel: [LISP_INPUT] Encapsulation delay 356133 
May  3 16:43:28 xTR_sg kernel: [LISP_INPUT] Lookup delay 2918 
May  3 16:43:28 xTR_sg kernel: [LISP_INPUT] Encapsulation delay 374268 
May  3 16:43:29 xTR_sg kernel: [LISP_INPUT] Lookup delay 2700 
May  3 16:43:29 xTR_sg kernel: [LISP_INPUT] Encapsulation delay 171567 
May  3 16:43:30 xTR_sg kernel: [LISP_INPUT] Lookup delay 2351 
May  3 16:43:30 xTR_sg kernel: [LISP_INPUT] Encapsulation delay 132514 
May  3 16:43:31 xTR_sg kernel: [LISP_INPUT] Lookup delay 3660 
May  3 16:43:31 xTR_sg kernel: [LISP_INPUT] Encapsulation delay 179986 
May  3 16:43:32 xTR_sg kernel: [LISP_INPUT] Lookup delay 2802 
May  3 16:43:32 xTR_sg kernel: [LISP_INPUT] Encapsulation delay 153151 
May  3 16:43:33 xTR_sg kernel: [LISP_INPUT] Lookup delay 2558 
May  3 16:43:33 xTR_sg kernel: [LISP_INPUT] Encapsulation delay 139475 
May  3 16:43:34 xTR_sg kernel: [LISP_INPUT] Lookup delay 2921 
May  3 16:43:34 xTR_sg kernel: [LISP_INPUT] Encapsulation delay 151986 
May  3 16:43:35 xTR_sg kernel: [LISP_INPUT] Lookup delay 2397 
May  3 16:43:35 xTR_sg kernel: [LISP_INPUT] Encapsulation delay 130838 
May  3 16:43:36 xTR_sg kernel: [LISP_INPUT] Lookup delay 2951 
May  3 16:43:36 xTR_sg kernel: [LISP_INPUT] Encapsulation delay 131488 
May  3 16:43:37 xTR_sg kernel: [LISP_INPUT] Lookup delay 2359 
May  3 16:43:37 xTR_sg kernel: [LISP_INPUT] Encapsulation delay 395176 
May  3 16:43:38 xTR_sg kernel: [LISP_INPUT] Lookup delay 2512 
May  3 16:43:38 xTR_sg kernel: [LISP_INPUT] Encapsulation delay 175538 
May  3 16:43:39 xTR_sg kernel: [LISP_INPUT] Lookup delay 4635 
May  3 16:43:39 xTR_sg kernel: [LISP_INPUT] Encapsulation delay 134078 
May  3 16:43:40 xTR_sg kernel: [LISP_INPUT] Lookup delay 2488 
May  3 16:43:40 xTR_sg kernel: [LISP_INPUT] Encapsulation delay 143879 
May  3 16:43:41 xTR_sg kernel: [LISP_INPUT] Lookup delay 5213 
May  3 16:43:41 xTR_sg kernel: [LISP_INPUT] Encapsulation delay 610006 
May  3 16:43:42 xTR_sg kernel: [LISP_INPUT] Lookup delay 2467 
May  3 16:43:42 xTR_sg kernel: [LISP_INPUT] Encapsulation delay 367477 
May  3 16:43:43 xTR_sg kernel: [LISP_INPUT] Lookup delay 2856 
May  3 16:43:43 xTR_sg kernel: [LISP_INPUT] Encapsulation delay 164681 
May  3 16:43:44 xTR_sg kernel: [LISP_INPUT] Lookup delay 4983 
May  3 16:43:44 xTR_sg kernel: [LISP_INPUT] Encapsulation delay 143806 
May  3 16:43:45 xTR_sg kernel: [LISP_INPUT] Lookup delay 2851 
May  3 16:43:45 xTR_sg kernel: [LISP_INPUT] Encapsulation delay 134446 
May  3 16:43:46 xTR_sg kernel: [LISP_INPUT] Lookup delay 2361 
May  3 16:43:46 xTR_sg kernel: [LISP_INPUT] Encapsulation delay 132731 
May  3 16:43:47 xTR_sg kernel: [LISP_INPUT] Lookup delay 3185 
May  3 16:43:47 xTR_sg kernel: [LISP_INPUT] Encapsulation delay 133640 
May  3 16:43:48 xTR_sg kernel: [LISP_INPUT] Lookup delay 2464 
May  3 16:43:48 xTR_sg kernel: [LISP_INPUT] Encapsulation delay 144990 
May  3 16:43:49 xTR_sg kernel: [LISP_INPUT] Lookup delay 2539 
May  3 16:43:49 xTR_sg kernel: [LISP_INPUT] Encapsulation delay 144895 
May  3 16:43:50 xTR_sg kernel: [LISP_INPUT] Lookup delay 2959 
May  3 16:43:50 xTR_sg kernel: [LISP_INPUT] Encapsulation delay 133685 
May  3 16:43:51 xTR_sg kernel: [LISP_INPUT] Lookup delay 2637 
May  3 16:43:51 xTR_sg kernel: [LISP_INPUT] Encapsulation delay 135312 
May  3 16:43:52 xTR_sg kernel: [LISP_INPUT] Lookup delay 68728 
May  3 16:43:52 xTR_sg kernel: [LISP_INPUT] Encapsulation delay 499770 
May  3 16:43:53 xTR_sg kernel: [LISP_INPUT] Lookup delay 2728 
May  3 16:43:53 xTR_sg kernel: [LISP_INPUT] Encapsulation delay 393657 
May  3 16:43:54 xTR_sg kernel: [LISP_INPUT] Lookup delay 2507 
May  3 16:43:54 xTR_sg kernel: [LISP_INPUT] Encapsulation delay 132829 
May  3 16:43:55 xTR_sg kernel: [LISP_INPUT] Lookup delay 2432 
May  3 16:43:55 xTR_sg kernel: [LISP_INPUT] Encapsulation delay 384658 
May  3 16:43:56 xTR_sg kernel: [LISP_INPUT] Lookup delay 2582 
May  3 16:43:56 xTR_sg kernel: [LISP_INPUT] Encapsulation delay 134564 
May  3 16:43:57 xTR_sg kernel: [LISP_INPUT] Lookup delay 2706 
May  3 16:43:57 xTR_sg kernel: [LISP_INPUT] Encapsulation delay 159329 
May  3 16:43:58 xTR_sg kernel: [LISP_INPUT] Lookup delay 2536 
May  3 16:43:58 xTR_sg kernel: [LISP_INPUT] Encapsulation delay 413404 
May  3 16:43:59 xTR_sg kernel: [LISP_INPUT] Lookup delay 2464 
May  3 16:43:59 xTR_sg kernel: [LISP_INPUT] Encapsulation delay 131560 
May  3 16:44:00 xTR_sg kernel: [LISP_INPUT] Lookup delay 3477 
May  3 16:44:00 xTR_sg kernel: [LISP_INPUT] Encapsulation delay 151028 
May  3 16:44:01 xTR_sg kernel: [LISP_INPUT] Lookup delay 2656 
May  3 16:44:01 xTR_sg kernel: [LISP_INPUT] Encapsulation delay 142064 
May  3 16:44:02 xTR_sg kernel: [LISP_INPUT] Lookup delay 2676 
May  3 16:44:02 xTR_sg kernel: [LISP_INPUT] Encapsulation delay 286459 
May  3 16:44:03 xTR_sg kernel: [LISP_INPUT] Lookup delay 5539 
May  3 16:44:03 xTR_sg kernel: [LISP_INPUT] Encapsulation delay 205120 
May  3 16:44:04 xTR_sg kernel: [LISP_INPUT] Lookup delay 2888 
May  3 16:44:04 xTR_sg kernel: [LISP_INPUT] Encapsulation delay 133165 
May  3 16:44:05 xTR_sg kernel: [LISP_INPUT] Lookup delay 2946 
May  3 16:44:05 xTR_sg kernel: [LISP_INPUT] Encapsulation delay 197195 
May  3 16:44:06 xTR_sg kernel: [LISP_INPUT] Lookup delay 2467 
May  3 16:44:06 xTR_sg kernel: [LISP_INPUT] Encapsulation delay 135978 
May  3 16:44:07 xTR_sg kernel: [LISP_INPUT] Lookup delay 2849 
May  3 16:44:07 xTR_sg kernel: [LISP_INPUT] Encapsulation delay 136093 
May  3 16:44:08 xTR_sg kernel: [LISP_INPUT] Lookup delay 2370 
May  3 16:44:08 xTR_sg kernel: [LISP_INPUT] Encapsulation delay 130924 
May  3 16:44:09 xTR_sg kernel: [LISP_INPUT] Lookup delay 2613 
May  3 16:44:09 xTR_sg kernel: [LISP_INPUT] Encapsulation delay 605425 
May  3 16:44:10 xTR_sg kernel: [LISP_INPUT] Lookup delay 2401 
May  3 16:44:10 xTR_sg kernel: [LISP_INPUT] Encapsulation delay 361685 
May  3 16:44:11 xTR_sg kernel: [LISP_INPUT] Lookup delay 2808 
May  3 16:44:11 xTR_sg kernel: [LISP_INPUT] Encapsulation delay 153527 
May  3 16:44:12 xTR_sg kernel: [LISP_INPUT] Lookup delay 3104 
May  3 16:44:12 xTR_sg kernel: [LISP_INPUT] Encapsulation delay 196389 
May  3 16:44:13 xTR_sg kernel: [LISP_INPUT] Lookup delay 3029 
May  3 16:44:13 xTR_sg kernel: [LISP_INPUT] Encapsulation delay 137822 
May  3 16:44:14 xTR_sg kernel: [LISP_INPUT] Lookup delay 2363 
May  3 16:44:14 xTR_sg kernel: [LISP_INPUT] Encapsulation delay 154392 
May  3 16:44:15 xTR_sg kernel: [LISP_INPUT] Lookup delay 2572 
May  3 16:44:15 xTR_sg kernel: [LISP_INPUT] Encapsulation delay 141076 
May  3 16:44:16 xTR_sg kernel: [LISP_INPUT] Lookup delay 3139 
May  3 16:44:16 xTR_sg kernel: [LISP_INPUT] Encapsulation delay 398833 
May  3 16:44:17 xTR_sg kernel: [LISP_INPUT] Lookup delay 2272 
May  3 16:44:17 xTR_sg kernel: [LISP_INPUT] Encapsulation delay 130428 
May  3 16:44:18 xTR_sg kernel: [LISP_INPUT] Lookup delay 3294 
May  3 16:44:18 xTR_sg kernel: [LISP_INPUT] Encapsulation delay 209549 
May  3 16:44:19 xTR_sg kernel: [LISP_INPUT] Lookup delay 2822 
May  3 16:44:19 xTR_sg kernel: [LISP_INPUT] Encapsulation delay 138415 
May  3 16:44:20 xTR_sg kernel: [LISP_INPUT] Lookup delay 3056 
May  3 16:44:20 xTR_sg kernel: [LISP_INPUT] Encapsulation delay 154294 
May  3 16:44:21 xTR_sg kernel: [LISP_INPUT] Lookup delay 2731 
May  3 16:44:21 xTR_sg kernel: [LISP_INPUT] Encapsulation delay 207470 
May  3 16:44:22 xTR_sg kernel: [LISP_INPUT] Lookup delay 2666 
May  3 16:44:22 xTR_sg kernel: [LISP_INPUT] Encapsulation delay 369323 
May  3 16:44:23 xTR_sg kernel: [LISP_INPUT] Lookup delay 3053 
May  3 16:44:23 xTR_sg kernel: [LISP_INPUT] Encapsulation delay 132281 
May  3 16:44:24 xTR_sg kernel: [LISP_INPUT] Lookup delay 2927 
May  3 16:44:24 xTR_sg kernel: [LISP_INPUT] Encapsulation delay 202938 
May  3 16:44:25 xTR_sg kernel: [LISP_INPUT] Lookup delay 2339 
May  3 16:44:25 xTR_sg kernel: [LISP_INPUT] Encapsulation delay 174892 
May  3 16:44:26 xTR_sg kernel: [LISP_INPUT] Lookup delay 3324 
May  3 16:44:26 xTR_sg kernel: [LISP_INPUT] Encapsulation delay 205394 
May  3 16:44:27 xTR_sg kernel: [LISP_INPUT] Lookup delay 2907 
May  3 16:44:27 xTR_sg kernel: [LISP_INPUT] Encapsulation delay 206929 
May  3 16:44:28 xTR_sg kernel: [LISP_INPUT] Lookup delay 2662 
May  3 16:44:28 xTR_sg kernel: [LISP_INPUT] Encapsulation delay 138694 
May  3 16:44:29 xTR_sg kernel: [LISP_INPUT] Lookup delay 2994 
May  3 16:44:29 xTR_sg kernel: [LISP_INPUT] Encapsulation delay 163609 
May  3 16:44:30 xTR_sg kernel: [LISP_INPUT] Lookup delay 3019 
May  3 16:44:30 xTR_sg kernel: [LISP_INPUT] Encapsulation delay 208702 
May  3 16:44:31 xTR_sg kernel: [LISP_INPUT] Lookup delay 4632 
May  3 16:44:31 xTR_sg kernel: [LISP_INPUT] Encapsulation delay 201924 
May  3 16:44:32 xTR_sg kernel: [LISP_INPUT] Lookup delay 2650 
May  3 16:44:32 xTR_sg kernel: [LISP_INPUT] Encapsulation delay 356462 
May  3 16:44:33 xTR_sg kernel: [LISP_INPUT] Lookup delay 2773 
May  3 16:44:33 xTR_sg kernel: [LISP_INPUT] Encapsulation delay 219367 
May  3 16:44:34 xTR_sg kernel: [LISP_INPUT] Lookup delay 2735 
May  3 16:44:34 xTR_sg kernel: [LISP_INPUT] Encapsulation delay 374385 
May  3 16:44:35 xTR_sg kernel: [LISP_INPUT] Lookup delay 2629 
May  3 16:44:35 xTR_sg kernel: [LISP_INPUT] Encapsulation delay 599914 
May  3 16:44:36 xTR_sg kernel: [LISP_INPUT] Lookup delay 3527 
May  3 16:44:36 xTR_sg kernel: [LISP_INPUT] Encapsulation delay 223370 
May  3 16:44:37 xTR_sg kernel: [LISP_INPUT] Lookup delay 3051 
May  3 16:44:37 xTR_sg kernel: [LISP_INPUT] Encapsulation delay 154727 
May  3 16:44:38 xTR_sg kernel: [LISP_INPUT] Lookup delay 2588 
May  3 16:44:38 xTR_sg kernel: [LISP_INPUT] Encapsulation delay 141424 
May  3 16:44:39 xTR_sg kernel: [LISP_INPUT] Lookup delay 2621 
May  3 16:44:39 xTR_sg kernel: [LISP_INPUT] Encapsulation delay 153257 
May  3 16:44:40 xTR_sg kernel: [LISP_INPUT] Lookup delay 2678 
May  3 16:44:40 xTR_sg kernel: [LISP_INPUT] Encapsulation delay 140286 
May  3 16:44:41 xTR_sg kernel: [LISP_INPUT] Lookup delay 5472 
May  3 16:44:41 xTR_sg kernel: [LISP_INPUT] Encapsulation delay 136178 
May  3 16:44:43 xTR_sg kernel: [LISP_INPUT] Lookup delay 3138 
May  3 16:44:43 xTR_sg kernel: [LISP_INPUT] Encapsulation delay 202842 
May  3 16:44:44 xTR_sg kernel: [LISP_INPUT] Lookup delay 2615 
May  3 16:44:44 xTR_sg kernel: [LISP_INPUT] Encapsulation delay 174713 
May  3 16:44:45 xTR_sg kernel: [LISP_INPUT] Lookup delay 4602 
May  3 16:44:45 xTR_sg kernel: [LISP_INPUT] Encapsulation delay 157810 
May  3 16:44:46 xTR_sg kernel: [LISP_INPUT] Lookup delay 3297 
May  3 16:44:46 xTR_sg kernel: [LISP_INPUT] Encapsulation delay 176749 
May  3 16:44:47 xTR_sg kernel: [LISP_INPUT] Lookup delay 2886 
May  3 16:44:47 xTR_sg kernel: [LISP_INPUT] Encapsulation delay 146094 
May  3 16:44:48 xTR_sg kernel: [LISP_INPUT] Lookup delay 2612 
May  3 16:44:48 xTR_sg kernel: [LISP_INPUT] Encapsulation delay 146500 
May  3 16:44:49 xTR_sg kernel: [LISP_INPUT] Lookup delay 2888 
May  3 16:44:49 xTR_sg kernel: [LISP_INPUT] Encapsulation delay 323392 
May  3 16:44:50 xTR_sg kernel: [LISP_INPUT] Lookup delay 2760 
May  3 16:44:50 xTR_sg kernel: [LISP_INPUT] Encapsulation delay 152862 
May  3 16:44:51 xTR_sg kernel: [LISP_INPUT] Lookup delay 3947 
May  3 16:44:51 xTR_sg kernel: [LISP_INPUT] Encapsulation delay 141299 
May  3 16:44:52 xTR_sg kernel: [LISP_INPUT] Lookup delay 2725 
May  3 16:44:52 xTR_sg kernel: [LISP_INPUT] Encapsulation delay 197810 
May  3 16:44:52 xTR_sg kernel: [LISP_CACHE_XPG] Expunged 0 out of  0 Expired Entries (out of 1)
May  3 16:44:52 xTR_sg kernel: [LISP_CACHE_XPG] Expunged 0 out of  0 Expired Entries (out of 0)
May  3 16:44:52 xTR_sg last message repeated 2 times
May  3 16:44:53 xTR_sg kernel: [LISP_INPUT] Lookup delay 2546 
May  3 16:44:53 xTR_sg kernel: [LISP_INPUT] Encapsulation delay 150722 
May  3 16:44:54 xTR_sg kernel: [LISP_INPUT] Lookup delay 2379 
May  3 16:44:54 xTR_sg kernel: [LISP_INPUT] Encapsulation delay 149554 
May  3 16:44:55 xTR_sg kernel: [LISP_INPUT] Lookup delay 3340 
May  3 16:44:55 xTR_sg kernel: [LISP_INPUT] Encapsulation delay 140119 
May  3 16:44:56 xTR_sg kernel: [LISP_INPUT] Lookup delay 2512 
May  3 16:44:56 xTR_sg kernel: [LISP_INPUT] Encapsulation delay 133297 
May  3 16:44:57 xTR_sg kernel: [LISP_INPUT] Lookup delay 2276 
May  3 16:44:57 xTR_sg kernel: [LISP_INPUT] Encapsulation delay 158604 
May  3 16:44:58 xTR_sg kernel: [LISP_INPUT] Lookup delay 3991 
May  3 16:44:58 xTR_sg kernel: [LISP_INPUT] Encapsulation delay 292437 
May  3 16:44:59 xTR_sg kernel: [LISP_INPUT] Lookup delay 2317 
May  3 16:44:59 xTR_sg kernel: [LISP_INPUT] Encapsulation delay 136377 
May  3 16:45:00 xTR_sg kernel: [LISP_INPUT] Lookup delay 2562 
May  3 16:45:00 xTR_sg kernel: [LISP_INPUT] Encapsulation delay 376542 
May  3 16:45:01 xTR_sg kernel: [LISP_INPUT] Lookup delay 2605 
May  3 16:45:01 xTR_sg kernel: [LISP_INPUT] Encapsulation delay 383618 
May  3 16:45:02 xTR_sg kernel: [LISP_INPUT] Lookup delay 3283 
May  3 16:45:02 xTR_sg kernel: [LISP_INPUT] Encapsulation delay 160300 
May  3 16:45:03 xTR_sg kernel: [LISP_INPUT] Lookup delay 2994 
May  3 16:45:03 xTR_sg kernel: [LISP_INPUT] Encapsulation delay 134936 
May  3 16:45:04 xTR_sg kernel: [LISP_INPUT] Lookup delay 3323 
May  3 16:45:04 xTR_sg kernel: [LISP_INPUT] Encapsulation delay 225087 
May  3 16:45:05 xTR_sg kernel: [LISP_INPUT] Lookup delay 4177 
May  3 16:45:05 xTR_sg kernel: [LISP_INPUT] Encapsulation delay 222748 
May  3 16:45:06 xTR_sg kernel: [LISP_INPUT] Lookup delay 3881 
May  3 16:45:06 xTR_sg kernel: [LISP_INPUT] Encapsulation delay 214433 
May  3 16:45:07 xTR_sg kernel: [LISP_INPUT] Lookup delay 3229 
May  3 16:45:07 xTR_sg kernel: [LISP_INPUT] Encapsulation delay 209436 
May  3 16:45:08 xTR_sg kernel: [LISP_INPUT] Lookup delay 3212 
May  3 16:45:08 xTR_sg kernel: [LISP_INPUT] Encapsulation delay 237366 
May  3 16:45:09 xTR_sg kernel: [LISP_INPUT] Lookup delay 3161 
May  3 16:45:09 xTR_sg kernel: [LISP_INPUT] Encapsulation delay 158926 
May  3 16:45:10 xTR_sg kernel: [LISP_INPUT] Lookup delay 3371 
May  3 16:45:10 xTR_sg kernel: [LISP_INPUT] Encapsulation delay 133973 
May  3 16:45:11 xTR_sg kernel: [LISP_INPUT] Lookup delay 8898 
May  3 16:45:11 xTR_sg kernel: [LISP_INPUT] Encapsulation delay 235982 
May  3 16:50:11 xTR_sg kernel: [LISP_INPUT] Lookup delay 85198 
May  3 16:50:11 xTR_sg kernel: [LISP_INPUT] Encapsulation delay 291655 
May  3 16:50:12 xTR_sg kernel: [LISP_INPUT] Lookup delay 3442 
May  3 16:50:12 xTR_sg kernel: [LISP_INPUT] Encapsulation delay 135671 
May  3 16:50:13 xTR_sg kernel: [LISP_INPUT] Lookup delay 2962 
May  3 16:50:13 xTR_sg kernel: [LISP_INPUT] Encapsulation delay 239858 
May  3 16:50:14 xTR_sg kernel: [LISP_INPUT] Lookup delay 3534 
May  3 16:50:14 xTR_sg kernel: [LISP_INPUT] Encapsulation delay 146772 
May  3 16:50:15 xTR_sg kernel: [LISP_INPUT] Lookup delay 2930 
May  3 16:50:15 xTR_sg kernel: [LISP_INPUT] Encapsulation delay 170328 
May  3 16:50:16 xTR_sg kernel: [LISP_INPUT] Lookup delay 3742 
May  3 16:50:16 xTR_sg kernel: [LISP_INPUT] Encapsulation delay 187502 
May  3 16:50:17 xTR_sg kernel: [LISP_INPUT] Lookup delay 2966 
May  3 16:50:17 xTR_sg kernel: [LISP_INPUT] Encapsulation delay 136658 
May  3 16:50:18 xTR_sg kernel: [LISP_INPUT] Lookup delay 3316 
May  3 16:50:18 xTR_sg kernel: [LISP_INPUT] Encapsulation delay 142534 
May  3 16:50:19 xTR_sg kernel: [LISP_INPUT] Lookup delay 3194 
May  3 16:50:19 xTR_sg kernel: [LISP_INPUT] Encapsulation delay 162391 
May  3 16:50:20 xTR_sg kernel: [LISP_INPUT] Lookup delay 4009 
May  3 16:50:20 xTR_sg kernel: [LISP_INPUT] Encapsulation delay 633509 
May  3 16:50:21 xTR_sg kernel: [LISP_INPUT] Lookup delay 3354 
May  3 16:50:21 xTR_sg kernel: [LISP_INPUT] Encapsulation delay 135334 
May  3 16:50:22 xTR_sg kernel: [LISP_INPUT] Lookup delay 3173 
May  3 16:50:22 xTR_sg kernel: [LISP_INPUT] Encapsulation delay 160242 
May  3 16:50:23 xTR_sg kernel: [LISP_INPUT] Lookup delay 3712 
May  3 16:50:23 xTR_sg kernel: [LISP_INPUT] Encapsulation delay 236903 
May  3 16:50:24 xTR_sg kernel: [LISP_INPUT] Lookup delay 2688 
May  3 16:50:24 xTR_sg kernel: [LISP_INPUT] Encapsulation delay 131510 
May  3 16:50:25 xTR_sg kernel: [LISP_INPUT] Lookup delay 3238 
May  3 16:50:25 xTR_sg kernel: [LISP_INPUT] Encapsulation delay 133535 
May  3 16:50:26 xTR_sg kernel: [LISP_INPUT] Lookup delay 3197 
May  3 16:50:26 xTR_sg kernel: [LISP_INPUT] Encapsulation delay 133395 
May  3 16:50:27 xTR_sg kernel: [LISP_INPUT] Lookup delay 3580 
May  3 16:50:27 xTR_sg kernel: [LISP_INPUT] Encapsulation delay 217661 
May  3 16:50:28 xTR_sg kernel: [LISP_INPUT] Lookup delay 3197 
May  3 16:50:28 xTR_sg kernel: [LISP_INPUT] Encapsulation delay 405751 
May  3 16:50:29 xTR_sg kernel: [LISP_INPUT] Lookup delay 3060 
May  3 16:50:29 xTR_sg kernel: [LISP_INPUT] Encapsulation delay 157107 
May  3 16:50:30 xTR_sg kernel: [LISP_INPUT] Lookup delay 3739 
May  3 16:50:30 xTR_sg kernel: [LISP_INPUT] Encapsulation delay 202151 
May  3 16:50:31 xTR_sg kernel: [LISP_INPUT] Lookup delay 2654 
May  3 16:50:31 xTR_sg kernel: [LISP_INPUT] Encapsulation delay 147384 
May  3 16:50:32 xTR_sg kernel: [LISP_INPUT] Lookup delay 2957 
May  3 16:50:32 xTR_sg kernel: [LISP_INPUT] Encapsulation delay 132265 
May  3 16:50:33 xTR_sg kernel: [LISP_INPUT] Lookup delay 3525 
May  3 16:50:33 xTR_sg kernel: [LISP_INPUT] Encapsulation delay 175928 
May  3 16:50:34 xTR_sg kernel: [LISP_INPUT] Lookup delay 2996 
May  3 16:50:34 xTR_sg kernel: [LISP_INPUT] Encapsulation delay 199849 
May  3 16:50:35 xTR_sg kernel: [LISP_INPUT] Lookup delay 3105 
May  3 16:50:35 xTR_sg kernel: [LISP_INPUT] Encapsulation delay 156897 
May  3 16:50:36 xTR_sg kernel: [LISP_INPUT] Lookup delay 2938 
May  3 16:50:36 xTR_sg kernel: [LISP_INPUT] Encapsulation delay 137181 
May  3 16:50:37 xTR_sg kernel: [LISP_INPUT] Lookup delay 3061 
May  3 16:50:37 xTR_sg kernel: [LISP_INPUT] Encapsulation delay 162520 
May  3 16:50:38 xTR_sg kernel: [LISP_INPUT] Lookup delay 4323 
May  3 16:50:38 xTR_sg kernel: [LISP_INPUT] Encapsulation delay 142838 
May  3 16:50:39 xTR_sg kernel: [LISP_INPUT] Lookup delay 5764 
May  3 16:50:39 xTR_sg kernel: [LISP_INPUT] Encapsulation delay 170281 
May  3 16:50:40 xTR_sg kernel: [LISP_INPUT] Lookup delay 2810 
May  3 16:50:40 xTR_sg kernel: [LISP_INPUT] Encapsulation delay 159352 
May  3 16:50:41 xTR_sg kernel: [LISP_INPUT] Lookup delay 3290 
May  3 16:50:41 xTR_sg kernel: [LISP_INPUT] Encapsulation delay 158042 
May  3 16:50:42 xTR_sg kernel: [LISP_INPUT] Lookup delay 3016 
May  3 16:50:42 xTR_sg kernel: [LISP_INPUT] Encapsulation delay 208404 
May  3 16:50:43 xTR_sg kernel: [LISP_INPUT] Lookup delay 2794 
May  3 16:50:43 xTR_sg kernel: [LISP_INPUT] Encapsulation delay 154713 
May  3 16:50:44 xTR_sg kernel: [LISP_INPUT] Lookup delay 4355 
May  3 16:50:44 xTR_sg kernel: [LISP_INPUT] Encapsulation delay 210649 
May  3 16:50:45 xTR_sg kernel: [LISP_INPUT] Lookup delay 3273 
May  3 16:50:45 xTR_sg kernel: [LISP_INPUT] Encapsulation delay 404093 
May  3 16:50:46 xTR_sg kernel: [LISP_INPUT] Lookup delay 3105 
May  3 16:50:46 xTR_sg kernel: [LISP_INPUT] Encapsulation delay 357656 
May  3 16:50:47 xTR_sg kernel: [LISP_INPUT] Lookup delay 3848 
May  3 16:50:47 xTR_sg kernel: [LISP_INPUT] Encapsulation delay 351181 
May  3 16:50:48 xTR_sg kernel: [LISP_INPUT] Lookup delay 4106 
May  3 16:50:48 xTR_sg kernel: [LISP_INPUT] Encapsulation delay 387046 
May  3 16:50:49 xTR_sg kernel: [LISP_INPUT] Lookup delay 2984 
May  3 16:50:49 xTR_sg kernel: [LISP_INPUT] Encapsulation delay 368323 
May  3 16:50:50 xTR_sg kernel: [LISP_INPUT] Lookup delay 3347 
May  3 16:50:50 xTR_sg kernel: [LISP_INPUT] Encapsulation delay 159357 
May  3 16:50:51 xTR_sg kernel: [LISP_INPUT] Lookup delay 3669 
May  3 16:50:51 xTR_sg kernel: [LISP_INPUT] Encapsulation delay 205374 
May  3 16:50:52 xTR_sg kernel: [LISP_INPUT] Lookup delay 4003 
May  3 16:50:52 xTR_sg kernel: [LISP_INPUT] Encapsulation delay 135617 
May  3 16:50:53 xTR_sg kernel: [LISP_INPUT] Lookup delay 2911 
May  3 16:50:53 xTR_sg kernel: [LISP_INPUT] Encapsulation delay 132309 
May  3 16:50:54 xTR_sg kernel: [LISP_INPUT] Lookup delay 3268 
May  3 16:50:54 xTR_sg kernel: [LISP_INPUT] Encapsulation delay 161141 
May  3 16:50:55 xTR_sg kernel: [LISP_INPUT] Lookup delay 2829 
May  3 16:50:55 xTR_sg kernel: [LISP_INPUT] Encapsulation delay 142742 
May  3 16:50:56 xTR_sg kernel: [LISP_INPUT] Lookup delay 2962 
May  3 16:50:56 xTR_sg kernel: [LISP_INPUT] Encapsulation delay 137968 
May  3 16:50:57 xTR_sg kernel: [LISP_INPUT] Lookup delay 3693 
May  3 16:50:57 xTR_sg kernel: [LISP_INPUT] Encapsulation delay 158332 
May  3 16:50:58 xTR_sg kernel: [LISP_INPUT] Lookup delay 5128 
May  3 16:50:58 xTR_sg kernel: [LISP_INPUT] Encapsulation delay 146061 
May  3 16:50:59 xTR_sg kernel: [LISP_INPUT] Lookup delay 3010 
May  3 16:50:59 xTR_sg kernel: [LISP_INPUT] Encapsulation delay 171494 
May  3 16:51:00 xTR_sg kernel: [LISP_INPUT] Lookup delay 3009 
May  3 16:51:00 xTR_sg kernel: [LISP_INPUT] Encapsulation delay 142522 
May  3 16:51:01 xTR_sg kernel: [LISP_INPUT] Lookup delay 3359 
May  3 16:51:01 xTR_sg kernel: [LISP_INPUT] Encapsulation delay 156811 
May  3 16:51:02 xTR_sg kernel: [LISP_INPUT] Lookup delay 3029 
May  3 16:51:02 xTR_sg kernel: [LISP_INPUT] Encapsulation delay 159006 
May  3 16:51:03 xTR_sg kernel: [LISP_INPUT] Lookup delay 2936 
May  3 16:51:03 xTR_sg kernel: [LISP_INPUT] Encapsulation delay 162848 
May  3 16:51:04 xTR_sg kernel: [LISP_INPUT] Lookup delay 3563 
May  3 16:51:04 xTR_sg kernel: [LISP_INPUT] Encapsulation delay 164071 
May  3 16:51:05 xTR_sg kernel: [LISP_INPUT] Lookup delay 2806 
May  3 16:51:05 xTR_sg kernel: [LISP_INPUT] Encapsulation delay 204431 
May  3 16:51:06 xTR_sg kernel: [LISP_INPUT] Lookup delay 3210 
May  3 16:51:06 xTR_sg kernel: [LISP_INPUT] Encapsulation delay 160641 
May  3 16:51:07 xTR_sg kernel: [LISP_INPUT] Lookup delay 2998 
May  3 16:51:07 xTR_sg kernel: [LISP_INPUT] Encapsulation delay 140496 
May  3 16:51:08 xTR_sg kernel: [LISP_INPUT] Lookup delay 4452 
May  3 16:51:08 xTR_sg kernel: [LISP_INPUT] Encapsulation delay 136650 
May  3 16:51:09 xTR_sg kernel: [LISP_INPUT] Lookup delay 3688 
May  3 16:51:09 xTR_sg kernel: [LISP_INPUT] Encapsulation delay 169677 
May  3 16:51:10 xTR_sg kernel: [LISP_INPUT] Lookup delay 3544 
May  3 16:51:10 xTR_sg kernel: [LISP_INPUT] Encapsulation delay 152266 
May  3 16:51:11 xTR_sg kernel: [LISP_INPUT] Lookup delay 2713 
May  3 16:51:11 xTR_sg kernel: [LISP_INPUT] Encapsulation delay 394973 
May  3 16:51:12 xTR_sg kernel: [LISP_INPUT] Lookup delay 5612 
May  3 16:51:12 xTR_sg kernel: [LISP_INPUT] Encapsulation delay 156593 
May  3 16:51:13 xTR_sg kernel: [LISP_INPUT] Lookup delay 3724 
May  3 16:51:13 xTR_sg kernel: [LISP_INPUT] Encapsulation delay 147766 
May  3 16:51:14 xTR_sg kernel: [LISP_INPUT] Lookup delay 2927 
May  3 16:51:14 xTR_sg kernel: [LISP_INPUT] Encapsulation delay 159935 
May  3 16:51:15 xTR_sg kernel: [LISP_INPUT] Lookup delay 2684 
May  3 16:51:15 xTR_sg kernel: [LISP_INPUT] Encapsulation delay 131098 
May  3 16:51:16 xTR_sg kernel: [LISP_INPUT] Lookup delay 4576 
May  3 16:51:16 xTR_sg kernel: [LISP_INPUT] Encapsulation delay 257959 
May  3 16:51:17 xTR_sg kernel: [LISP_INPUT] Lookup delay 3478 
May  3 16:51:17 xTR_sg kernel: [LISP_INPUT] Encapsulation delay 159605 
May  3 16:51:18 xTR_sg kernel: [LISP_INPUT] Lookup delay 5323 
May  3 16:51:18 xTR_sg kernel: [LISP_INPUT] Encapsulation delay 211600 
May  3 16:51:19 xTR_sg kernel: [LISP_INPUT] Lookup delay 6801 
May  3 16:51:19 xTR_sg kernel: [LISP_INPUT] Encapsulation delay 182765 
May  3 16:51:20 xTR_sg kernel: [LISP_INPUT] Lookup delay 3135 
May  3 16:51:20 xTR_sg kernel: [LISP_INPUT] Encapsulation delay 162031 
May  3 16:51:21 xTR_sg kernel: [LISP_INPUT] Lookup delay 3283 
May  3 16:51:21 xTR_sg kernel: [LISP_INPUT] Encapsulation delay 171935 
May  3 16:51:22 xTR_sg kernel: [LISP_INPUT] Lookup delay 3061 
May  3 16:51:22 xTR_sg kernel: [LISP_INPUT] Encapsulation delay 133742 
May  3 16:51:23 xTR_sg kernel: [LISP_INPUT] Lookup delay 2989 
May  3 16:51:23 xTR_sg kernel: [LISP_INPUT] Encapsulation delay 355681 
May  3 16:51:24 xTR_sg kernel: [LISP_INPUT] Lookup delay 3344 
May  3 16:51:24 xTR_sg kernel: [LISP_INPUT] Encapsulation delay 143852 
May  3 16:51:25 xTR_sg kernel: [LISP_INPUT] Lookup delay 3106 
May  3 16:51:25 xTR_sg kernel: [LISP_INPUT] Encapsulation delay 152180 
May  3 16:51:26 xTR_sg kernel: [LISP_INPUT] Lookup delay 3130 
May  3 16:51:26 xTR_sg kernel: [LISP_INPUT] Encapsulation delay 142145 
May  3 16:51:27 xTR_sg kernel: [LISP_INPUT] Lookup delay 3074 
May  3 16:51:27 xTR_sg kernel: [LISP_INPUT] Encapsulation delay 137898 
May  3 16:51:28 xTR_sg kernel: [LISP_INPUT] Lookup delay 4156 
May  3 16:51:28 xTR_sg kernel: [LISP_INPUT] Encapsulation delay 146235 
May  3 16:51:29 xTR_sg kernel: [LISP_INPUT] Lookup delay 3028 
May  3 16:51:29 xTR_sg kernel: [LISP_INPUT] Encapsulation delay 135255 
May  3 16:51:30 xTR_sg kernel: [LISP_INPUT] Lookup delay 3828 
May  3 16:51:30 xTR_sg kernel: [LISP_INPUT] Encapsulation delay 203214 
May  3 16:51:31 xTR_sg kernel: [LISP_INPUT] Lookup delay 3302 
May  3 16:51:31 xTR_sg kernel: [LISP_INPUT] Encapsulation delay 147948 
May  3 16:51:32 xTR_sg kernel: [LISP_INPUT] Lookup delay 3703 
May  3 16:51:32 xTR_sg kernel: [LISP_INPUT] Encapsulation delay 142860 
May  3 16:51:33 xTR_sg kernel: [LISP_INPUT] Lookup delay 3864 
May  3 16:51:33 xTR_sg kernel: [LISP_INPUT] Encapsulation delay 146397 
May  3 16:51:34 xTR_sg kernel: [LISP_INPUT] Lookup delay 3408 
May  3 16:51:34 xTR_sg kernel: [LISP_INPUT] Encapsulation delay 158601 
May  3 16:51:35 xTR_sg kernel: [LISP_INPUT] Lookup delay 3124 
May  3 16:51:35 xTR_sg kernel: [LISP_INPUT] Encapsulation delay 151838 
May  3 16:51:36 xTR_sg kernel: [LISP_INPUT] Lookup delay 3153 
May  3 16:51:36 xTR_sg kernel: [LISP_INPUT] Encapsulation delay 153729 
May  3 16:51:37 xTR_sg kernel: [LISP_INPUT] Lookup delay 3217 
May  3 16:51:37 xTR_sg kernel: [LISP_INPUT] Encapsulation delay 155030 
May  3 16:51:38 xTR_sg kernel: [LISP_INPUT] Lookup delay 5788 
May  3 16:51:38 xTR_sg kernel: [LISP_INPUT] Encapsulation delay 170225 
May  3 16:51:39 xTR_sg kernel: [LISP_INPUT] Lookup delay 2915 
May  3 16:51:39 xTR_sg kernel: [LISP_INPUT] Encapsulation delay 150297 
May  3 16:51:40 xTR_sg kernel: [LISP_INPUT] Lookup delay 3355 
May  3 16:51:40 xTR_sg kernel: [LISP_INPUT] Encapsulation delay 138028 
May  3 16:51:41 xTR_sg kernel: [LISP_INPUT] Lookup delay 3166 
May  3 16:51:41 xTR_sg kernel: [LISP_INPUT] Encapsulation delay 141243 
May  3 16:51:42 xTR_sg kernel: [LISP_INPUT] Lookup delay 3415 
May  3 16:51:42 xTR_sg kernel: [LISP_INPUT] Encapsulation delay 156251 
May  3 16:51:43 xTR_sg kernel: [LISP_INPUT] Lookup delay 3052 
May  3 16:51:43 xTR_sg kernel: [LISP_INPUT] Encapsulation delay 145513 
May  3 16:51:44 xTR_sg kernel: [LISP_INPUT] Lookup delay 3601 
May  3 16:51:44 xTR_sg kernel: [LISP_INPUT] Encapsulation delay 161321 
May  3 16:51:45 xTR_sg kernel: [LISP_INPUT] Lookup delay 5579 
May  3 16:51:45 xTR_sg kernel: [LISP_INPUT] Encapsulation delay 229598 
May  3 16:51:46 xTR_sg kernel: [LISP_INPUT] Lookup delay 3898 
May  3 16:51:46 xTR_sg kernel: [LISP_INPUT] Encapsulation delay 206898 
May  3 16:51:47 xTR_sg kernel: [LISP_INPUT] Lookup delay 2731 
May  3 16:51:47 xTR_sg kernel: [LISP_INPUT] Encapsulation delay 154523 
May  3 16:51:48 xTR_sg kernel: [LISP_INPUT] Lookup delay 6654 
May  3 16:51:48 xTR_sg kernel: [LISP_INPUT] Encapsulation delay 152334 
May  3 16:51:49 xTR_sg kernel: [LISP_INPUT] Lookup delay 3124 
May  3 16:51:49 xTR_sg kernel: [LISP_INPUT] Encapsulation delay 156801 
May  3 16:51:50 xTR_sg kernel: [LISP_INPUT] Lookup delay 3091 
May  3 16:51:50 xTR_sg kernel: [LISP_INPUT] Encapsulation delay 387385 
May  3 16:51:51 xTR_sg kernel: [LISP_INPUT] Lookup delay 2982 
May  3 16:51:51 xTR_sg kernel: [LISP_INPUT] Encapsulation delay 402657 
May  3 16:51:52 xTR_sg kernel: [LISP_INPUT] Lookup delay 3253 
May  3 16:51:52 xTR_sg kernel: [LISP_INPUT] Encapsulation delay 149814 
May  3 16:51:53 xTR_sg kernel: [LISP_INPUT] Lookup delay 3009 
May  3 16:51:53 xTR_sg kernel: [LISP_INPUT] Encapsulation delay 159699 
May  3 16:51:54 xTR_sg kernel: [LISP_INPUT] Lookup delay 4818 
May  3 16:51:54 xTR_sg kernel: [LISP_INPUT] Encapsulation delay 205233 
May  3 16:51:55 xTR_sg kernel: [LISP_INPUT] Lookup delay 2894 
May  3 16:51:55 xTR_sg kernel: [LISP_INPUT] Encapsulation delay 422448 
May  3 16:51:56 xTR_sg kernel: [LISP_INPUT] Lookup delay 3665 
May  3 16:51:56 xTR_sg kernel: [LISP_INPUT] Encapsulation delay 433469 
May  3 16:51:57 xTR_sg kernel: [LISP_INPUT] Lookup delay 3708 
May  3 16:51:57 xTR_sg kernel: [LISP_INPUT] Encapsulation delay 196897 
May  3 16:51:58 xTR_sg kernel: [LISP_INPUT] Lookup delay 4237 
May  3 16:51:58 xTR_sg kernel: [LISP_INPUT] Encapsulation delay 161250 
May  3 16:51:59 xTR_sg kernel: [LISP_INPUT] Lookup delay 3242 
May  3 16:51:59 xTR_sg kernel: [LISP_INPUT] Encapsulation delay 414056 
May  3 16:52:00 xTR_sg kernel: [LISP_INPUT] Lookup delay 3669 
May  3 16:52:00 xTR_sg kernel: [LISP_INPUT] Encapsulation delay 226861 
May  3 16:52:01 xTR_sg kernel: [LISP_INPUT] Lookup delay 2760 
May  3 16:52:01 xTR_sg kernel: [LISP_INPUT] Encapsulation delay 150380 
May  3 16:52:02 xTR_sg kernel: [LISP_INPUT] Lookup delay 3250 
May  3 16:52:02 xTR_sg kernel: [LISP_INPUT] Encapsulation delay 147930 
May  3 16:52:03 xTR_sg kernel: [LISP_INPUT] Lookup delay 4792 
May  3 16:52:03 xTR_sg kernel: [LISP_INPUT] Encapsulation delay 266346 
May  3 16:52:04 xTR_sg kernel: [LISP_INPUT] Lookup delay 3206 
May  3 16:52:04 xTR_sg kernel: [LISP_INPUT] Encapsulation delay 159709 
May  3 16:52:05 xTR_sg kernel: [LISP_INPUT] Lookup delay 3497 
May  3 16:52:05 xTR_sg kernel: [LISP_INPUT] Encapsulation delay 228928 
May  3 16:52:06 xTR_sg kernel: [LISP_INPUT] Lookup delay 2846 
May  3 16:52:06 xTR_sg kernel: [LISP_INPUT] Encapsulation delay 153674 
May  3 16:52:08 xTR_sg kernel: [LISP_INPUT] Lookup delay 3313 
May  3 16:52:08 xTR_sg kernel: [LISP_INPUT] Encapsulation delay 148112 
May  3 16:52:09 xTR_sg kernel: [LISP_INPUT] Lookup delay 4227 
May  3 16:52:09 xTR_sg kernel: [LISP_INPUT] Encapsulation delay 136434 
May  3 16:52:10 xTR_sg kernel: [LISP_INPUT] Lookup delay 2809 
May  3 16:52:10 xTR_sg kernel: [LISP_INPUT] Encapsulation delay 143436 
May  3 16:52:11 xTR_sg kernel: [LISP_INPUT] Lookup delay 2999 
May  3 16:52:11 xTR_sg kernel: [LISP_INPUT] Encapsulation delay 151935 
May  3 16:52:12 xTR_sg kernel: [LISP_INPUT] Lookup delay 2913 
May  3 16:52:12 xTR_sg kernel: [LISP_INPUT] Encapsulation delay 151069 
May  3 16:52:13 xTR_sg kernel: [LISP_INPUT] Lookup delay 3994 
May  3 16:52:13 xTR_sg kernel: [LISP_INPUT] Encapsulation delay 163367 
May  3 16:52:14 xTR_sg kernel: [LISP_INPUT] Lookup delay 3468 
May  3 16:52:14 xTR_sg kernel: [LISP_INPUT] Encapsulation delay 154494 
May  3 16:52:15 xTR_sg kernel: [LISP_INPUT] Lookup delay 3203 
May  3 16:52:15 xTR_sg kernel: [LISP_INPUT] Encapsulation delay 141008 
May  3 16:52:16 xTR_sg kernel: [LISP_INPUT] Lookup delay 4503 
May  3 16:52:16 xTR_sg kernel: [LISP_INPUT] Encapsulation delay 223622 
May  3 16:52:17 xTR_sg kernel: [LISP_INPUT] Lookup delay 3688 
May  3 16:52:17 xTR_sg kernel: [LISP_INPUT] Encapsulation delay 224692 
May  3 16:52:18 xTR_sg kernel: [LISP_INPUT] Lookup delay 4550 
May  3 16:52:18 xTR_sg kernel: [LISP_INPUT] Encapsulation delay 156705 
May  3 16:52:19 xTR_sg kernel: [LISP_INPUT] Lookup delay 3469 
May  3 16:52:19 xTR_sg kernel: [LISP_INPUT] Encapsulation delay 133539 
May  3 16:52:20 xTR_sg kernel: [LISP_INPUT] Lookup delay 3095 
May  3 16:52:20 xTR_sg kernel: [LISP_INPUT] Encapsulation delay 149136 
May  3 16:52:21 xTR_sg kernel: [LISP_INPUT] Lookup delay 7751 
May  3 16:52:21 xTR_sg kernel: [LISP_INPUT] Encapsulation delay 253063 
May  3 16:52:22 xTR_sg kernel: [LISP_INPUT] Lookup delay 3570 
May  3 16:52:22 xTR_sg kernel: [LISP_INPUT] Encapsulation delay 359026 
May  3 16:52:23 xTR_sg kernel: [LISP_INPUT] Lookup delay 3832 
May  3 16:52:23 xTR_sg kernel: [LISP_INPUT] Encapsulation delay 525502 
May  3 16:52:24 xTR_sg kernel: [LISP_INPUT] Lookup delay 3286 
May  3 16:52:24 xTR_sg kernel: [LISP_INPUT] Encapsulation delay 341697 
May  3 16:52:25 xTR_sg kernel: [LISP_INPUT] Lookup delay 3336 
May  3 16:52:25 xTR_sg kernel: [LISP_INPUT] Encapsulation delay 382861 
May  3 16:52:26 xTR_sg kernel: [LISP_INPUT] Lookup delay 3502 
May  3 16:52:26 xTR_sg kernel: [LISP_INPUT] Encapsulation delay 403451 
May  3 16:52:27 xTR_sg kernel: [LISP_INPUT] Lookup delay 3423 
May  3 16:52:27 xTR_sg kernel: [LISP_INPUT] Encapsulation delay 380107 
May  3 16:52:28 xTR_sg kernel: [LISP_INPUT] Lookup delay 4297 
May  3 16:52:28 xTR_sg kernel: [LISP_INPUT] Encapsulation delay 164219 
May  3 16:52:29 xTR_sg kernel: [LISP_INPUT] Lookup delay 3268 
May  3 16:52:29 xTR_sg kernel: [LISP_INPUT] Encapsulation delay 136049 
May  3 16:52:30 xTR_sg kernel: [LISP_INPUT] Lookup delay 3183 
May  3 16:52:30 xTR_sg kernel: [LISP_INPUT] Encapsulation delay 157031 
May  3 16:52:31 xTR_sg kernel: [LISP_INPUT] Lookup delay 3564 
May  3 16:52:31 xTR_sg kernel: [LISP_INPUT] Encapsulation delay 138371 
May  3 16:52:32 xTR_sg kernel: [LISP_INPUT] Lookup delay 3892 
May  3 16:52:32 xTR_sg kernel: [LISP_INPUT] Encapsulation delay 394146 
May  3 16:52:33 xTR_sg kernel: [LISP_INPUT] Lookup delay 3815 
May  3 16:52:33 xTR_sg kernel: [LISP_INPUT] Encapsulation delay 131486 
May  3 16:52:34 xTR_sg kernel: [LISP_INPUT] Lookup delay 3224 
May  3 16:52:34 xTR_sg kernel: [LISP_INPUT] Encapsulation delay 146894 
May  3 16:52:35 xTR_sg kernel: [LISP_INPUT] Lookup delay 3344 
May  3 16:52:35 xTR_sg kernel: [LISP_INPUT] Encapsulation delay 156986 
May  3 16:52:36 xTR_sg kernel: [LISP_INPUT] Lookup delay 3351 
May  3 16:52:36 xTR_sg kernel: [LISP_INPUT] Encapsulation delay 170558 
May  3 16:52:37 xTR_sg kernel: [LISP_INPUT] Lookup delay 3845 
May  3 16:52:37 xTR_sg kernel: [LISP_INPUT] Encapsulation delay 170954 
May  3 16:52:38 xTR_sg kernel: [LISP_INPUT] Lookup delay 6029 
May  3 16:52:38 xTR_sg kernel: [LISP_INPUT] Encapsulation delay 389257 
May  3 16:52:39 xTR_sg kernel: [LISP_INPUT] Lookup delay 4632 
May  3 16:52:39 xTR_sg kernel: [LISP_INPUT] Encapsulation delay 215446 
May  3 16:52:40 xTR_sg kernel: [LISP_INPUT] Lookup delay 3087 
May  3 16:52:40 xTR_sg kernel: [LISP_INPUT] Encapsulation delay 189453 
May  3 16:52:41 xTR_sg kernel: [LISP_INPUT] Lookup delay 3296 
May  3 16:52:41 xTR_sg kernel: [LISP_INPUT] Encapsulation delay 151106 
May  3 16:52:42 xTR_sg kernel: [LISP_INPUT] Lookup delay 3269 
May  3 16:52:42 xTR_sg kernel: [LISP_INPUT] Encapsulation delay 166035 
May  3 16:52:43 xTR_sg kernel: [LISP_INPUT] Lookup delay 3317 
May  3 16:52:43 xTR_sg kernel: [LISP_INPUT] Encapsulation delay 153239 
May  3 16:52:44 xTR_sg kernel: [LISP_INPUT] Lookup delay 3902 
May  3 16:52:44 xTR_sg kernel: [LISP_INPUT] Encapsulation delay 156981 
May  3 16:52:45 xTR_sg kernel: [LISP_INPUT] Lookup delay 3929 
May  3 16:52:45 xTR_sg kernel: [LISP_INPUT] Encapsulation delay 140786 
May  3 16:52:46 xTR_sg kernel: [LISP_INPUT] Lookup delay 3479 
May  3 16:52:46 xTR_sg kernel: [LISP_INPUT] Encapsulation delay 161810 
May  3 16:52:47 xTR_sg kernel: [LISP_INPUT] Lookup delay 3426 
May  3 16:52:47 xTR_sg kernel: [LISP_INPUT] Encapsulation delay 150088 
May  3 16:52:48 xTR_sg kernel: [LISP_INPUT] Lookup delay 5603 
May  3 16:52:48 xTR_sg kernel: [LISP_INPUT] Encapsulation delay 140788 
May  3 16:52:49 xTR_sg kernel: [LISP_INPUT] Lookup delay 2965 
May  3 16:52:49 xTR_sg kernel: [LISP_INPUT] Encapsulation delay 637445 
May  3 16:52:50 xTR_sg kernel: [LISP_INPUT] Lookup delay 3332 
May  3 16:52:50 xTR_sg kernel: [LISP_INPUT] Encapsulation delay 132180 
May  3 16:52:51 xTR_sg kernel: [LISP_INPUT] Lookup delay 3411 
May  3 16:52:51 xTR_sg kernel: [LISP_INPUT] Encapsulation delay 156249 
May  3 16:52:52 xTR_sg kernel: [LISP_INPUT] Lookup delay 3100 
May  3 16:52:52 xTR_sg kernel: [LISP_INPUT] Encapsulation delay 132855 
May  3 16:52:53 xTR_sg kernel: [LISP_INPUT] Lookup delay 4249 
May  3 16:52:53 xTR_sg kernel: [LISP_INPUT] Encapsulation delay 140390 
May  3 16:52:54 xTR_sg kernel: [LISP_INPUT] Lookup delay 3574 
May  3 16:52:54 xTR_sg kernel: [LISP_INPUT] Encapsulation delay 140632 
May  3 16:52:55 xTR_sg kernel: [LISP_INPUT] Lookup delay 3186 
May  3 16:52:55 xTR_sg kernel: [LISP_INPUT] Encapsulation delay 170990 
May  3 16:52:56 xTR_sg kernel: [LISP_INPUT] Lookup delay 2914 
May  3 16:52:56 xTR_sg kernel: [LISP_INPUT] Encapsulation delay 389737 
May  3 16:52:57 xTR_sg kernel: [LISP_INPUT] Lookup delay 3108 
May  3 16:52:57 xTR_sg kernel: [LISP_INPUT] Encapsulation delay 150618 
May  3 16:52:58 xTR_sg kernel: [LISP_INPUT] Lookup delay 6005 
May  3 16:52:58 xTR_sg kernel: [LISP_INPUT] Encapsulation delay 139107 
May  3 16:52:59 xTR_sg kernel: [LISP_INPUT] Lookup delay 4853 
May  3 16:52:59 xTR_sg kernel: [LISP_INPUT] Encapsulation delay 144160 
May  3 16:53:00 xTR_sg kernel: [LISP_INPUT] Lookup delay 3100 
May  3 16:53:00 xTR_sg kernel: [LISP_INPUT] Encapsulation delay 156629 
May  3 16:53:01 xTR_sg kernel: [LISP_INPUT] Lookup delay 3372 
May  3 16:53:01 xTR_sg kernel: [LISP_INPUT] Encapsulation delay 217797 
May  3 16:53:02 xTR_sg kernel: [LISP_INPUT] Lookup delay 2898 
May  3 16:53:02 xTR_sg kernel: [LISP_INPUT] Encapsulation delay 133907 
May  3 16:53:03 xTR_sg kernel: [LISP_INPUT] Lookup delay 3430 
May  3 16:53:03 xTR_sg kernel: [LISP_INPUT] Encapsulation delay 134138 
May  3 16:53:04 xTR_sg kernel: [LISP_INPUT] Lookup delay 2923 
May  3 16:53:04 xTR_sg kernel: [LISP_INPUT] Encapsulation delay 158185 
May  3 16:53:05 xTR_sg kernel: [LISP_INPUT] Lookup delay 2945 
May  3 16:53:05 xTR_sg kernel: [LISP_INPUT] Encapsulation delay 155402 
May  3 16:53:06 xTR_sg kernel: [LISP_INPUT] Lookup delay 3078 
May  3 16:53:06 xTR_sg kernel: [LISP_INPUT] Encapsulation delay 134102 
May  3 16:53:07 xTR_sg kernel: [LISP_INPUT] Lookup delay 3332 
May  3 16:53:07 xTR_sg kernel: [LISP_INPUT] Encapsulation delay 136421 
May  3 16:53:08 xTR_sg kernel: [LISP_INPUT] Lookup delay 2644 
May  3 16:53:08 xTR_sg kernel: [LISP_INPUT] Encapsulation delay 151662 
May  3 16:53:09 xTR_sg kernel: [LISP_INPUT] Lookup delay 3440 
May  3 16:53:09 xTR_sg kernel: [LISP_INPUT] Encapsulation delay 133316 
May  3 16:53:10 xTR_sg kernel: [LISP_INPUT] Lookup delay 3284 
May  3 16:53:10 xTR_sg kernel: [LISP_INPUT] Encapsulation delay 134196 
May  3 16:54:52 xTR_sg kernel: [LISP_CACHE_XPG] Expunged 0 out of  0 Expired Entries (out of 1)
May  3 16:54:52 xTR_sg kernel: [LISP_CACHE_XPG] Expunged 0 out of  0 Expired Entries (out of 0)
May  3 16:54:52 xTR_sg last message repeated 2 times
May  3 17:04:52 xTR_sg kernel: [LISP_CACHE_XPG] Expunged 0 out of  0 Expired Entries (out of 1)
May  3 17:04:52 xTR_sg kernel: [LISP_CACHE_XPG] Expunged 0 out of  0 Expired Entries (out of 0)
May  3 17:04:52 xTR_sg last message repeated 2 times
May  3 17:14:52 xTR_sg kernel: [LISP_CACHE_XPG] Expunged 0 out of  0 Expired Entries (out of 1)
May  3 17:14:52 xTR_sg kernel: [LISP_CACHE_XPG] Expunged 0 out of  0 Expired Entries (out of 0)
May  3 17:14:52 xTR_sg last message repeated 2 times
May  3 17:16:33 xTR_sg kernel: [LISP_INPUT] Lookup delay 438709 
May  3 17:16:33 xTR_sg kernel: [LISP_INPUT] Encapsulation delay 1922592 
May  3 17:16:34 xTR_sg kernel: [LISP_INPUT] Lookup delay 3214 
May  3 17:16:34 xTR_sg kernel: [LISP_INPUT] Encapsulation delay 167756 
May  3 17:16:35 xTR_sg kernel: [LISP_INPUT] Lookup delay 2686 
May  3 17:16:35 xTR_sg kernel: [LISP_INPUT] Encapsulation delay 134581 
May  3 17:16:36 xTR_sg kernel: [LISP_INPUT] Lookup delay 2442 
May  3 17:16:36 xTR_sg kernel: [LISP_INPUT] Encapsulation delay 143243 
May  3 17:16:37 xTR_sg kernel: [LISP_INPUT] Lookup delay 4845 
May  3 17:16:37 xTR_sg kernel: [LISP_INPUT] Encapsulation delay 158978 
May  3 17:16:38 xTR_sg kernel: [LISP_INPUT] Lookup delay 2590 
May  3 17:16:38 xTR_sg kernel: [LISP_INPUT] Encapsulation delay 159648 
May  3 17:16:39 xTR_sg kernel: [LISP_INPUT] Lookup delay 3802 
May  3 17:16:39 xTR_sg kernel: [LISP_INPUT] Encapsulation delay 147003 
May  3 17:16:40 xTR_sg kernel: [LISP_INPUT] Lookup delay 3327 
May  3 17:16:40 xTR_sg kernel: [LISP_INPUT] Encapsulation delay 204924 
May  3 17:16:41 xTR_sg kernel: [LISP_INPUT] Lookup delay 2969 
May  3 17:16:41 xTR_sg kernel: [LISP_INPUT] Encapsulation delay 160291 
May  3 17:16:42 xTR_sg kernel: [LISP_INPUT] Lookup delay 2769 
May  3 17:16:42 xTR_sg kernel: [LISP_INPUT] Encapsulation delay 153914 
May  3 17:16:43 xTR_sg kernel: [LISP_INPUT] Lookup delay 2527 
May  3 17:16:43 xTR_sg kernel: [LISP_INPUT] Encapsulation delay 198776 
May  3 17:16:44 xTR_sg kernel: [LISP_INPUT] Lookup delay 2448 
May  3 17:16:44 xTR_sg kernel: [LISP_INPUT] Encapsulation delay 440111 
May  3 17:16:45 xTR_sg kernel: [LISP_INPUT] Lookup delay 2726 
May  3 17:16:45 xTR_sg kernel: [LISP_INPUT] Encapsulation delay 159073 
May  3 17:16:46 xTR_sg kernel: [LISP_INPUT] Lookup delay 2646 
May  3 17:16:46 xTR_sg kernel: [LISP_INPUT] Encapsulation delay 136056 
May  3 17:16:47 xTR_sg kernel: [LISP_INPUT] Lookup delay 2751 
May  3 17:16:47 xTR_sg kernel: [LISP_INPUT] Encapsulation delay 643165 
May  3 17:16:49 xTR_sg kernel: [LISP_INPUT] Lookup delay 2796 
May  3 17:16:49 xTR_sg kernel: [LISP_INPUT] Encapsulation delay 203431 
May  3 17:16:50 xTR_sg kernel: [LISP_INPUT] Lookup delay 2842 
May  3 17:16:50 xTR_sg kernel: [LISP_INPUT] Encapsulation delay 453388 
May  3 17:16:51 xTR_sg kernel: [LISP_INPUT] Lookup delay 3284 
May  3 17:16:51 xTR_sg kernel: [LISP_INPUT] Encapsulation delay 235497 
May  3 17:16:52 xTR_sg kernel: [LISP_INPUT] Lookup delay 2843 
May  3 17:16:52 xTR_sg kernel: [LISP_INPUT] Encapsulation delay 148034 
May  3 17:16:53 xTR_sg kernel: [LISP_INPUT] Lookup delay 2545 
May  3 17:16:53 xTR_sg kernel: [LISP_INPUT] Encapsulation delay 383448 
May  3 17:16:54 xTR_sg kernel: [LISP_INPUT] Lookup delay 2867 
May  3 17:16:54 xTR_sg kernel: [LISP_INPUT] Encapsulation delay 156283 
May  3 17:16:55 xTR_sg kernel: [LISP_INPUT] Lookup delay 103011 
May  3 17:16:55 xTR_sg kernel: [LISP_INPUT] Encapsulation delay 277454 
May  3 17:16:56 xTR_sg kernel: [LISP_INPUT] Lookup delay 4791 
May  3 17:16:56 xTR_sg kernel: [LISP_INPUT] Encapsulation delay 177152 
May  3 17:16:57 xTR_sg kernel: [LISP_INPUT] Lookup delay 7002 
May  3 17:16:57 xTR_sg kernel: [LISP_INPUT] Encapsulation delay 413145 
May  3 17:16:58 xTR_sg kernel: [LISP_INPUT] Lookup delay 2873 
May  3 17:16:58 xTR_sg kernel: [LISP_INPUT] Encapsulation delay 387704 
May  3 17:16:59 xTR_sg kernel: [LISP_INPUT] Lookup delay 2716 
May  3 17:16:59 xTR_sg kernel: [LISP_INPUT] Encapsulation delay 362075 
May  3 17:17:00 xTR_sg kernel: [LISP_INPUT] Lookup delay 3036 
May  3 17:17:00 xTR_sg kernel: [LISP_INPUT] Encapsulation delay 186710 
May  3 17:17:01 xTR_sg kernel: [LISP_INPUT] Lookup delay 9620 
May  3 17:17:01 xTR_sg kernel: [LISP_INPUT] Encapsulation delay 177522 
May  3 17:17:02 xTR_sg kernel: [LISP_INPUT] Lookup delay 2952 
May  3 17:17:02 xTR_sg kernel: [LISP_INPUT] Encapsulation delay 136491 
May  3 17:17:03 xTR_sg kernel: [LISP_INPUT] Lookup delay 2272 
May  3 17:17:03 xTR_sg kernel: [LISP_INPUT] Encapsulation delay 547961 
May  3 17:17:04 xTR_sg kernel: [LISP_INPUT] Lookup delay 3069 
May  3 17:17:04 xTR_sg kernel: [LISP_INPUT] Encapsulation delay 217449 
May  3 17:17:05 xTR_sg kernel: [LISP_INPUT] Lookup delay 2372 
May  3 17:17:05 xTR_sg kernel: [LISP_INPUT] Encapsulation delay 154577 
May  3 17:17:06 xTR_sg kernel: [LISP_INPUT] Lookup delay 2860 
May  3 17:17:06 xTR_sg kernel: [LISP_INPUT] Encapsulation delay 145199 
May  3 17:17:07 xTR_sg kernel: [LISP_INPUT] Lookup delay 3234 
May  3 17:17:07 xTR_sg kernel: [LISP_INPUT] Encapsulation delay 158127 
May  3 17:17:08 xTR_sg kernel: [LISP_INPUT] Lookup delay 2616 
May  3 17:17:08 xTR_sg kernel: [LISP_INPUT] Encapsulation delay 350402 
May  3 17:17:09 xTR_sg kernel: [LISP_INPUT] Lookup delay 2713 
May  3 17:17:09 xTR_sg kernel: [LISP_INPUT] Encapsulation delay 140666 
May  3 17:17:10 xTR_sg kernel: [LISP_INPUT] Lookup delay 2669 
May  3 17:17:10 xTR_sg kernel: [LISP_INPUT] Encapsulation delay 154221 
May  3 17:17:11 xTR_sg kernel: [LISP_INPUT] Lookup delay 4091 
May  3 17:17:11 xTR_sg kernel: [LISP_INPUT] Encapsulation delay 372455 
May  3 17:17:12 xTR_sg kernel: [LISP_INPUT] Lookup delay 3075 
May  3 17:17:12 xTR_sg kernel: [LISP_INPUT] Encapsulation delay 173052 
May  3 17:17:13 xTR_sg kernel: [LISP_INPUT] Lookup delay 2671 
May  3 17:17:13 xTR_sg kernel: [LISP_INPUT] Encapsulation delay 160692 
May  3 17:17:14 xTR_sg kernel: [LISP_INPUT] Lookup delay 4127 
May  3 17:17:14 xTR_sg kernel: [LISP_INPUT] Encapsulation delay 134548 
May  3 17:17:15 xTR_sg kernel: [LISP_INPUT] Lookup delay 2736 
May  3 17:17:15 xTR_sg kernel: [LISP_INPUT] Encapsulation delay 350264 
May  3 17:17:16 xTR_sg kernel: [LISP_INPUT] Lookup delay 2567 
May  3 17:17:16 xTR_sg kernel: [LISP_INPUT] Encapsulation delay 167544 
May  3 17:17:17 xTR_sg kernel: [LISP_INPUT] Lookup delay 2814 
May  3 17:17:17 xTR_sg kernel: [LISP_INPUT] Encapsulation delay 160137 
May  3 17:17:18 xTR_sg kernel: [LISP_INPUT] Lookup delay 4415 
May  3 17:17:18 xTR_sg kernel: [LISP_INPUT] Encapsulation delay 153068 
May  3 17:17:19 xTR_sg kernel: [LISP_INPUT] Lookup delay 4221 
May  3 17:17:19 xTR_sg kernel: [LISP_INPUT] Encapsulation delay 474052 
May  3 17:17:20 xTR_sg kernel: [LISP_INPUT] Lookup delay 3067 
May  3 17:17:20 xTR_sg kernel: [LISP_INPUT] Encapsulation delay 155817 
May  3 17:17:21 xTR_sg kernel: [LISP_INPUT] Lookup delay 2673 
May  3 17:17:21 xTR_sg kernel: [LISP_INPUT] Encapsulation delay 157192 
May  3 17:17:22 xTR_sg kernel: [LISP_INPUT] Lookup delay 4998 
May  3 17:17:22 xTR_sg kernel: [LISP_INPUT] Encapsulation delay 134758 
May  3 17:17:23 xTR_sg kernel: [LISP_INPUT] Lookup delay 3228 
May  3 17:17:23 xTR_sg kernel: [LISP_INPUT] Encapsulation delay 174616 
May  3 17:17:24 xTR_sg kernel: [LISP_INPUT] Lookup delay 2838 
May  3 17:17:24 xTR_sg kernel: [LISP_INPUT] Encapsulation delay 147009 
May  3 17:17:25 xTR_sg kernel: [LISP_INPUT] Lookup delay 2876 
May  3 17:17:25 xTR_sg kernel: [LISP_INPUT] Encapsulation delay 134702 
May  3 17:17:26 xTR_sg kernel: [LISP_INPUT] Lookup delay 2916 
May  3 17:17:26 xTR_sg kernel: [LISP_INPUT] Encapsulation delay 137084 
May  3 17:17:27 xTR_sg kernel: [LISP_INPUT] Lookup delay 2798 
May  3 17:17:27 xTR_sg kernel: [LISP_INPUT] Encapsulation delay 144380 
May  3 17:17:28 xTR_sg kernel: [LISP_INPUT] Lookup delay 2747 
May  3 17:17:28 xTR_sg kernel: [LISP_INPUT] Encapsulation delay 152723 
May  3 17:17:29 xTR_sg kernel: [LISP_INPUT] Lookup delay 2909 
May  3 17:17:29 xTR_sg kernel: [LISP_INPUT] Encapsulation delay 132726 
May  3 17:17:30 xTR_sg kernel: [LISP_INPUT] Lookup delay 3243 
May  3 17:17:30 xTR_sg kernel: [LISP_INPUT] Encapsulation delay 137119 
May  3 17:17:31 xTR_sg kernel: [LISP_INPUT] Lookup delay 3781 
May  3 17:17:31 xTR_sg kernel: [LISP_INPUT] Encapsulation delay 146225 
May  3 17:17:32 xTR_sg kernel: [LISP_INPUT] Lookup delay 3639 
May  3 17:17:32 xTR_sg kernel: [LISP_INPUT] Encapsulation delay 219463 
May  3 17:17:33 xTR_sg kernel: [LISP_INPUT] Lookup delay 3167 
May  3 17:17:33 xTR_sg kernel: [LISP_INPUT] Encapsulation delay 146970 
May  3 17:17:34 xTR_sg kernel: [LISP_INPUT] Lookup delay 3170 
May  3 17:17:34 xTR_sg kernel: [LISP_INPUT] Encapsulation delay 139384 
May  3 17:17:35 xTR_sg kernel: [LISP_INPUT] Lookup delay 2304 
May  3 17:17:35 xTR_sg kernel: [LISP_INPUT] Encapsulation delay 175434 
May  3 17:17:36 xTR_sg kernel: [LISP_INPUT] Lookup delay 3105 
May  3 17:17:36 xTR_sg kernel: [LISP_INPUT] Encapsulation delay 148012 
May  3 17:17:37 xTR_sg kernel: [LISP_INPUT] Lookup delay 2780 
May  3 17:17:37 xTR_sg kernel: [LISP_INPUT] Encapsulation delay 403486 
May  3 17:17:38 xTR_sg kernel: [LISP_INPUT] Lookup delay 2598 
May  3 17:17:38 xTR_sg kernel: [LISP_INPUT] Encapsulation delay 131273 
May  3 17:17:39 xTR_sg kernel: [LISP_INPUT] Lookup delay 2209 
May  3 17:17:39 xTR_sg kernel: [LISP_INPUT] Encapsulation delay 170865 
May  3 17:17:40 xTR_sg kernel: [LISP_INPUT] Lookup delay 3218 
May  3 17:17:40 xTR_sg kernel: [LISP_INPUT] Encapsulation delay 197532 
May  3 17:17:41 xTR_sg kernel: [LISP_INPUT] Lookup delay 6107 
May  3 17:17:41 xTR_sg kernel: [LISP_INPUT] Encapsulation delay 168720 
May  3 17:17:42 xTR_sg kernel: [LISP_INPUT] Lookup delay 4292 
May  3 17:17:42 xTR_sg kernel: [LISP_INPUT] Encapsulation delay 194579 
May  3 17:17:43 xTR_sg kernel: [LISP_INPUT] Lookup delay 3621 
May  3 17:17:43 xTR_sg kernel: [LISP_INPUT] Encapsulation delay 265064 
May  3 17:17:44 xTR_sg kernel: [LISP_INPUT] Lookup delay 3247 
May  3 17:17:44 xTR_sg kernel: [LISP_INPUT] Encapsulation delay 219514 
May  3 17:17:45 xTR_sg kernel: [LISP_INPUT] Lookup delay 3746 
May  3 17:17:45 xTR_sg kernel: [LISP_INPUT] Encapsulation delay 207769 
May  3 17:17:46 xTR_sg kernel: [LISP_INPUT] Lookup delay 3642 
May  3 17:17:46 xTR_sg kernel: [LISP_INPUT] Encapsulation delay 201889 
May  3 17:17:47 xTR_sg kernel: [LISP_INPUT] Lookup delay 3118 
May  3 17:17:47 xTR_sg kernel: [LISP_INPUT] Encapsulation delay 161928 
May  3 17:17:48 xTR_sg kernel: [LISP_INPUT] Lookup delay 6900 
May  3 17:17:48 xTR_sg kernel: [LISP_INPUT] Encapsulation delay 153676 
May  3 17:17:49 xTR_sg kernel: [LISP_INPUT] Lookup delay 3832 
May  3 17:17:49 xTR_sg kernel: [LISP_INPUT] Encapsulation delay 140333 
May  3 17:17:50 xTR_sg kernel: [LISP_INPUT] Lookup delay 5868 
May  3 17:17:50 xTR_sg kernel: [LISP_INPUT] Encapsulation delay 192086 
May  3 17:17:51 xTR_sg kernel: [LISP_INPUT] Lookup delay 2994 
May  3 17:17:51 xTR_sg kernel: [LISP_INPUT] Encapsulation delay 231115 
May  3 17:17:52 xTR_sg kernel: [LISP_INPUT] Lookup delay 3007 
May  3 17:17:52 xTR_sg kernel: [LISP_INPUT] Encapsulation delay 179248 
May  3 17:17:53 xTR_sg kernel: [LISP_INPUT] Lookup delay 2660 
May  3 17:17:53 xTR_sg kernel: [LISP_INPUT] Encapsulation delay 133125 
May  3 17:17:54 xTR_sg kernel: [LISP_INPUT] Lookup delay 2591 
May  3 17:17:54 xTR_sg kernel: [LISP_INPUT] Encapsulation delay 145466 
May  3 17:17:55 xTR_sg kernel: [LISP_INPUT] Lookup delay 2411 
May  3 17:17:55 xTR_sg kernel: [LISP_INPUT] Encapsulation delay 145877 
May  3 17:17:56 xTR_sg kernel: [LISP_INPUT] Lookup delay 2656 
May  3 17:17:56 xTR_sg kernel: [LISP_INPUT] Encapsulation delay 175669 
May  3 17:17:57 xTR_sg kernel: [LISP_INPUT] Lookup delay 2733 
May  3 17:17:57 xTR_sg kernel: [LISP_INPUT] Encapsulation delay 147873 
May  3 17:17:58 xTR_sg kernel: [LISP_INPUT] Lookup delay 2634 
May  3 17:17:58 xTR_sg kernel: [LISP_INPUT] Encapsulation delay 190325 
May  3 17:17:59 xTR_sg kernel: [LISP_INPUT] Lookup delay 2748 
May  3 17:17:59 xTR_sg kernel: [LISP_INPUT] Encapsulation delay 385545 
May  3 17:18:00 xTR_sg kernel: [LISP_INPUT] Lookup delay 4809 
May  3 17:18:00 xTR_sg kernel: [LISP_INPUT] Encapsulation delay 180246 
May  3 17:18:01 xTR_sg kernel: [LISP_INPUT] Lookup delay 2236 
May  3 17:18:01 xTR_sg kernel: [LISP_INPUT] Encapsulation delay 138143 
May  3 17:18:02 xTR_sg kernel: [LISP_INPUT] Lookup delay 2933 
May  3 17:18:02 xTR_sg kernel: [LISP_INPUT] Encapsulation delay 161683 
May  3 17:18:03 xTR_sg kernel: [LISP_INPUT] Lookup delay 2445 
May  3 17:18:03 xTR_sg kernel: [LISP_INPUT] Encapsulation delay 182988 
May  3 17:18:04 xTR_sg kernel: [LISP_INPUT] Lookup delay 2645 
May  3 17:18:04 xTR_sg kernel: [LISP_INPUT] Encapsulation delay 169269 
May  3 17:18:05 xTR_sg kernel: [LISP_INPUT] Lookup delay 3358 
May  3 17:18:05 xTR_sg kernel: [LISP_INPUT] Encapsulation delay 160280 
May  3 17:18:06 xTR_sg kernel: [LISP_INPUT] Lookup delay 3423 
May  3 17:18:06 xTR_sg kernel: [LISP_INPUT] Encapsulation delay 252991 
May  3 17:18:07 xTR_sg kernel: [LISP_INPUT] Lookup delay 2585 
May  3 17:18:07 xTR_sg kernel: [LISP_INPUT] Encapsulation delay 164088 
May  3 17:18:08 xTR_sg kernel: [LISP_INPUT] Lookup delay 2742 
May  3 17:18:08 xTR_sg kernel: [LISP_INPUT] Encapsulation delay 175717 
May  3 17:18:09 xTR_sg kernel: [LISP_INPUT] Lookup delay 3354 
May  3 17:18:09 xTR_sg kernel: [LISP_INPUT] Encapsulation delay 152492 
May  3 17:18:10 xTR_sg kernel: [LISP_INPUT] Lookup delay 3352 
May  3 17:18:10 xTR_sg kernel: [LISP_INPUT] Encapsulation delay 142602 
May  3 17:18:11 xTR_sg kernel: [LISP_INPUT] Lookup delay 2728 
May  3 17:18:11 xTR_sg kernel: [LISP_INPUT] Encapsulation delay 168472 
May  3 17:18:12 xTR_sg kernel: [LISP_INPUT] Lookup delay 2958 
May  3 17:18:12 xTR_sg kernel: [LISP_INPUT] Encapsulation delay 182740 
May  3 17:18:13 xTR_sg kernel: [LISP_INPUT] Lookup delay 3036 
May  3 17:18:13 xTR_sg kernel: [LISP_INPUT] Encapsulation delay 132727 
May  3 17:18:14 xTR_sg kernel: [LISP_INPUT] Lookup delay 3599 
May  3 17:18:14 xTR_sg kernel: [LISP_INPUT] Encapsulation delay 209959 
May  3 17:18:15 xTR_sg kernel: [LISP_INPUT] Lookup delay 3416 
May  3 17:18:15 xTR_sg kernel: [LISP_INPUT] Encapsulation delay 241633 
May  3 17:18:16 xTR_sg kernel: [LISP_INPUT] Lookup delay 3078 
May  3 17:18:16 xTR_sg kernel: [LISP_INPUT] Encapsulation delay 149242 
May  3 17:18:17 xTR_sg kernel: [LISP_INPUT] Lookup delay 2739 
May  3 17:18:17 xTR_sg kernel: [LISP_INPUT] Encapsulation delay 190426 
May  3 17:18:18 xTR_sg kernel: [LISP_INPUT] Lookup delay 3148 
May  3 17:18:18 xTR_sg kernel: [LISP_INPUT] Encapsulation delay 155035 
May  3 17:18:19 xTR_sg kernel: [LISP_INPUT] Lookup delay 2771 
May  3 17:18:19 xTR_sg kernel: [LISP_INPUT] Encapsulation delay 367305 
May  3 17:18:20 xTR_sg kernel: [LISP_INPUT] Lookup delay 4247 
May  3 17:18:20 xTR_sg kernel: [LISP_INPUT] Encapsulation delay 173577 
May  3 17:18:21 xTR_sg kernel: [LISP_INPUT] Lookup delay 3727 
May  3 17:18:21 xTR_sg kernel: [LISP_INPUT] Encapsulation delay 158180 
May  3 17:18:22 xTR_sg kernel: [LISP_INPUT] Lookup delay 2698 
May  3 17:18:22 xTR_sg kernel: [LISP_INPUT] Encapsulation delay 158038 
May  3 17:18:23 xTR_sg kernel: [LISP_INPUT] Lookup delay 2075 
May  3 17:18:23 xTR_sg kernel: [LISP_INPUT] Encapsulation delay 172067 
May  3 17:22:12 xTR_sg kernel: [LISP_INPUT] Lookup delay 248153 
May  3 17:22:12 xTR_sg kernel: [LISP_INPUT] Encapsulation delay 1931183 
May  3 17:22:13 xTR_sg kernel: [LISP_INPUT] Lookup delay 4080 
May  3 17:22:13 xTR_sg kernel: [LISP_INPUT] Encapsulation delay 474203 
May  3 17:22:14 xTR_sg kernel: [LISP_INPUT] Lookup delay 3016 
May  3 17:22:14 xTR_sg kernel: [LISP_INPUT] Encapsulation delay 204738 
May  3 17:22:15 xTR_sg kernel: [LISP_INPUT] Lookup delay 2601 
May  3 17:22:15 xTR_sg kernel: [LISP_INPUT] Encapsulation delay 147977 
May  3 17:22:16 xTR_sg kernel: [LISP_INPUT] Lookup delay 2956 
May  3 17:22:16 xTR_sg kernel: [LISP_INPUT] Encapsulation delay 135441 
May  3 17:22:17 xTR_sg kernel: [LISP_INPUT] Lookup delay 2386 
May  3 17:22:17 xTR_sg kernel: [LISP_INPUT] Encapsulation delay 383821 
May  3 17:22:18 xTR_sg kernel: [LISP_INPUT] Lookup delay 2425 
May  3 17:22:18 xTR_sg kernel: [LISP_INPUT] Encapsulation delay 145236 
May  3 17:22:19 xTR_sg kernel: [LISP_INPUT] Lookup delay 2766 
May  3 17:22:19 xTR_sg kernel: [LISP_INPUT] Encapsulation delay 137224 
May  3 17:22:20 xTR_sg kernel: [LISP_INPUT] Lookup delay 3282 
May  3 17:22:20 xTR_sg kernel: [LISP_INPUT] Encapsulation delay 198222 
May  3 17:22:21 xTR_sg kernel: [LISP_INPUT] Lookup delay 2807 
May  3 17:22:21 xTR_sg kernel: [LISP_INPUT] Encapsulation delay 173017 
May  3 17:22:22 xTR_sg kernel: [LISP_INPUT] Lookup delay 2409 
May  3 17:22:22 xTR_sg kernel: [LISP_INPUT] Encapsulation delay 130537 
May  3 17:22:23 xTR_sg kernel: [LISP_INPUT] Lookup delay 2684 
May  3 17:22:23 xTR_sg kernel: [LISP_INPUT] Encapsulation delay 402191 
May  3 17:22:24 xTR_sg kernel: [LISP_INPUT] Lookup delay 3077 
May  3 17:22:24 xTR_sg kernel: [LISP_INPUT] Encapsulation delay 429686 
May  3 17:22:25 xTR_sg kernel: [LISP_INPUT] Lookup delay 3020 
May  3 17:22:25 xTR_sg kernel: [LISP_INPUT] Encapsulation delay 207356 
May  3 17:22:26 xTR_sg kernel: [LISP_INPUT] Lookup delay 2551 
May  3 17:22:26 xTR_sg kernel: [LISP_INPUT] Encapsulation delay 158222 
May  3 17:22:27 xTR_sg kernel: [LISP_INPUT] Lookup delay 2523 
May  3 17:22:27 xTR_sg kernel: [LISP_INPUT] Encapsulation delay 173250 
May  3 17:22:28 xTR_sg kernel: [LISP_INPUT] Lookup delay 2749 
May  3 17:22:28 xTR_sg kernel: [LISP_INPUT] Encapsulation delay 409919 
May  3 17:22:29 xTR_sg kernel: [LISP_INPUT] Lookup delay 2519 
May  3 17:22:29 xTR_sg kernel: [LISP_INPUT] Encapsulation delay 431582 
May  3 17:22:30 xTR_sg kernel: [LISP_INPUT] Lookup delay 2880 
May  3 17:22:30 xTR_sg kernel: [LISP_INPUT] Encapsulation delay 132677 
May  3 17:22:31 xTR_sg kernel: [LISP_INPUT] Lookup delay 2718 
May  3 17:22:31 xTR_sg kernel: [LISP_INPUT] Encapsulation delay 136675 
May  3 17:22:32 xTR_sg kernel: [LISP_INPUT] Lookup delay 2997 
May  3 17:22:32 xTR_sg kernel: [LISP_INPUT] Encapsulation delay 163799 
May  3 17:22:33 xTR_sg kernel: [LISP_INPUT] Lookup delay 3294 
May  3 17:22:33 xTR_sg kernel: [LISP_INPUT] Encapsulation delay 143032 
May  3 17:22:34 xTR_sg kernel: [LISP_INPUT] Lookup delay 2695 
May  3 17:22:34 xTR_sg kernel: [LISP_INPUT] Encapsulation delay 168617 
May  3 17:22:35 xTR_sg kernel: [LISP_INPUT] Lookup delay 3779 
May  3 17:22:35 xTR_sg kernel: [LISP_INPUT] Encapsulation delay 233625 
May  3 17:22:36 xTR_sg kernel: [LISP_INPUT] Lookup delay 4073 
May  3 17:22:36 xTR_sg kernel: [LISP_INPUT] Encapsulation delay 317574 
May  3 17:22:37 xTR_sg kernel: [LISP_INPUT] Lookup delay 2472 
May  3 17:22:37 xTR_sg kernel: [LISP_INPUT] Encapsulation delay 397064 
May  3 17:22:38 xTR_sg kernel: [LISP_INPUT] Lookup delay 2335 
May  3 17:22:38 xTR_sg kernel: [LISP_INPUT] Encapsulation delay 146474 
May  3 17:22:39 xTR_sg kernel: [LISP_INPUT] Lookup delay 2795 
May  3 17:22:39 xTR_sg kernel: [LISP_INPUT] Encapsulation delay 372508 
May  3 17:22:40 xTR_sg kernel: [LISP_INPUT] Lookup delay 2541 
May  3 17:22:40 xTR_sg kernel: [LISP_INPUT] Encapsulation delay 156819 
May  3 17:22:41 xTR_sg kernel: [LISP_INPUT] Lookup delay 2458 
May  3 17:22:41 xTR_sg kernel: [LISP_INPUT] Encapsulation delay 142595 
May  3 17:22:42 xTR_sg kernel: [LISP_INPUT] Lookup delay 3169 
May  3 17:22:42 xTR_sg kernel: [LISP_INPUT] Encapsulation delay 145054 
May  3 17:22:43 xTR_sg kernel: [LISP_INPUT] Lookup delay 2529 
May  3 17:22:43 xTR_sg kernel: [LISP_INPUT] Encapsulation delay 156634 
May  3 17:22:44 xTR_sg kernel: [LISP_INPUT] Lookup delay 2726 
May  3 17:22:44 xTR_sg kernel: [LISP_INPUT] Encapsulation delay 406177 
May  3 17:22:45 xTR_sg kernel: [LISP_INPUT] Lookup delay 2446 
May  3 17:22:45 xTR_sg kernel: [LISP_INPUT] Encapsulation delay 404738 
May  3 17:22:46 xTR_sg kernel: [LISP_INPUT] Lookup delay 2976 
May  3 17:22:46 xTR_sg kernel: [LISP_INPUT] Encapsulation delay 148625 
May  3 17:22:47 xTR_sg kernel: [LISP_INPUT] Lookup delay 2247 
May  3 17:22:47 xTR_sg kernel: [LISP_INPUT] Encapsulation delay 155005 
May  3 17:22:48 xTR_sg kernel: [LISP_INPUT] Lookup delay 2310 
May  3 17:22:48 xTR_sg kernel: [LISP_INPUT] Encapsulation delay 159712 
May  3 17:22:49 xTR_sg kernel: [LISP_INPUT] Lookup delay 6828 
May  3 17:22:49 xTR_sg kernel: [LISP_INPUT] Encapsulation delay 220334 
May  3 17:22:50 xTR_sg kernel: [LISP_INPUT] Lookup delay 2643 
May  3 17:22:50 xTR_sg kernel: [LISP_INPUT] Encapsulation delay 506660 
May  3 17:22:51 xTR_sg kernel: [LISP_INPUT] Lookup delay 2806 
May  3 17:22:51 xTR_sg kernel: [LISP_INPUT] Encapsulation delay 612893 
May  3 17:22:52 xTR_sg kernel: [LISP_INPUT] Lookup delay 2624 
May  3 17:22:52 xTR_sg kernel: [LISP_INPUT] Encapsulation delay 394000 
May  3 17:22:53 xTR_sg kernel: [LISP_INPUT] Lookup delay 2655 
May  3 17:22:53 xTR_sg kernel: [LISP_INPUT] Encapsulation delay 655650 
May  3 17:22:54 xTR_sg kernel: [LISP_INPUT] Lookup delay 2410 
May  3 17:22:54 xTR_sg kernel: [LISP_INPUT] Encapsulation delay 134125 
May  3 17:22:55 xTR_sg kernel: [LISP_INPUT] Lookup delay 2323 
May  3 17:22:55 xTR_sg kernel: [LISP_INPUT] Encapsulation delay 140470 
May  3 17:22:56 xTR_sg kernel: [LISP_INPUT] Lookup delay 4122 
May  3 17:22:56 xTR_sg kernel: [LISP_INPUT] Encapsulation delay 147433 
May  3 17:22:57 xTR_sg kernel: [LISP_INPUT] Lookup delay 2503 
May  3 17:22:57 xTR_sg kernel: [LISP_INPUT] Encapsulation delay 174783 
May  3 17:22:58 xTR_sg kernel: [LISP_INPUT] Lookup delay 2516 
May  3 17:22:58 xTR_sg kernel: [LISP_INPUT] Encapsulation delay 367465 
May  3 17:22:59 xTR_sg kernel: [LISP_INPUT] Lookup delay 2299 
May  3 17:22:59 xTR_sg kernel: [LISP_INPUT] Encapsulation delay 149687 
May  3 17:23:00 xTR_sg kernel: [LISP_INPUT] Lookup delay 4116 
May  3 17:23:00 xTR_sg kernel: [LISP_INPUT] Encapsulation delay 155242 
May  3 17:23:01 xTR_sg kernel: [LISP_INPUT] Lookup delay 3492 
May  3 17:23:01 xTR_sg kernel: [LISP_INPUT] Encapsulation delay 135851 
May  3 17:23:02 xTR_sg kernel: [LISP_INPUT] Lookup delay 2786 
May  3 17:23:02 xTR_sg kernel: [LISP_INPUT] Encapsulation delay 212477 
May  3 17:23:03 xTR_sg kernel: [LISP_INPUT] Lookup delay 2954 
May  3 17:23:03 xTR_sg kernel: [LISP_INPUT] Encapsulation delay 144046 
May  3 17:23:04 xTR_sg kernel: [LISP_INPUT] Lookup delay 4831 
May  3 17:23:04 xTR_sg kernel: [LISP_INPUT] Encapsulation delay 152652 
May  3 17:23:05 xTR_sg kernel: [LISP_INPUT] Lookup delay 2387 
May  3 17:23:05 xTR_sg kernel: [LISP_INPUT] Encapsulation delay 607677 
May  3 17:23:06 xTR_sg kernel: [LISP_INPUT] Lookup delay 3233 
May  3 17:23:06 xTR_sg kernel: [LISP_INPUT] Encapsulation delay 187133 
May  3 17:23:07 xTR_sg kernel: [LISP_INPUT] Lookup delay 2751 
May  3 17:23:07 xTR_sg kernel: [LISP_INPUT] Encapsulation delay 156505 
May  3 17:23:08 xTR_sg kernel: [LISP_INPUT] Lookup delay 2357 
May  3 17:23:08 xTR_sg kernel: [LISP_INPUT] Encapsulation delay 148862 
May  3 17:23:09 xTR_sg kernel: [LISP_INPUT] Lookup delay 2801 
May  3 17:23:09 xTR_sg kernel: [LISP_INPUT] Encapsulation delay 132542 
May  3 17:23:10 xTR_sg kernel: [LISP_INPUT] Lookup delay 23971 
May  3 17:23:10 xTR_sg kernel: [LISP_INPUT] Encapsulation delay 160479 
May  3 17:23:11 xTR_sg kernel: [LISP_INPUT] Lookup delay 2648 
May  3 17:23:11 xTR_sg kernel: [LISP_INPUT] Encapsulation delay 155536 
May  3 17:23:12 xTR_sg kernel: [LISP_INPUT] Lookup delay 3021 
May  3 17:23:12 xTR_sg kernel: [LISP_INPUT] Encapsulation delay 135272 
May  3 17:23:13 xTR_sg kernel: [LISP_INPUT] Lookup delay 2902 
May  3 17:23:13 xTR_sg kernel: [LISP_INPUT] Encapsulation delay 135540 
May  3 17:23:14 xTR_sg kernel: [LISP_INPUT] Lookup delay 2421 
May  3 17:23:14 xTR_sg kernel: [LISP_INPUT] Encapsulation delay 132833 
May  3 17:23:15 xTR_sg kernel: [LISP_INPUT] Lookup delay 2781 
May  3 17:23:15 xTR_sg kernel: [LISP_INPUT] Encapsulation delay 659789 
May  3 17:23:16 xTR_sg kernel: [LISP_INPUT] Lookup delay 3122 
May  3 17:23:16 xTR_sg kernel: [LISP_INPUT] Encapsulation delay 405639 
May  3 17:23:17 xTR_sg kernel: [LISP_INPUT] Lookup delay 3373 
May  3 17:23:17 xTR_sg kernel: [LISP_INPUT] Encapsulation delay 148111 
May  3 17:23:18 xTR_sg kernel: [LISP_INPUT] Lookup delay 2616 
May  3 17:23:18 xTR_sg kernel: [LISP_INPUT] Encapsulation delay 186553 
May  3 17:23:19 xTR_sg kernel: [LISP_INPUT] Lookup delay 3775 
May  3 17:23:19 xTR_sg kernel: [LISP_INPUT] Encapsulation delay 436006 
May  3 17:23:20 xTR_sg kernel: [LISP_INPUT] Lookup delay 3868 
May  3 17:23:20 xTR_sg kernel: [LISP_INPUT] Encapsulation delay 397189 
May  3 17:23:21 xTR_sg kernel: [LISP_INPUT] Lookup delay 3526 
May  3 17:23:21 xTR_sg kernel: [LISP_INPUT] Encapsulation delay 381152 
May  3 17:23:22 xTR_sg kernel: [LISP_INPUT] Lookup delay 2566 
May  3 17:23:22 xTR_sg kernel: [LISP_INPUT] Encapsulation delay 382771 
May  3 17:23:23 xTR_sg kernel: [LISP_INPUT] Lookup delay 2418 
May  3 17:23:23 xTR_sg kernel: [LISP_INPUT] Encapsulation delay 136614 
May  3 17:23:24 xTR_sg kernel: [LISP_INPUT] Lookup delay 4261 
May  3 17:23:24 xTR_sg kernel: [LISP_INPUT] Encapsulation delay 395013 
May  3 17:23:25 xTR_sg kernel: [LISP_INPUT] Lookup delay 5158 
May  3 17:23:25 xTR_sg kernel: [LISP_INPUT] Encapsulation delay 400416 
May  3 17:23:26 xTR_sg kernel: [LISP_INPUT] Lookup delay 3186 
May  3 17:23:26 xTR_sg kernel: [LISP_INPUT] Encapsulation delay 203913 
May  3 17:23:27 xTR_sg kernel: [LISP_INPUT] Lookup delay 3062 
May  3 17:23:27 xTR_sg kernel: [LISP_INPUT] Encapsulation delay 148183 
May  3 17:23:28 xTR_sg kernel: [LISP_INPUT] Lookup delay 2375 
May  3 17:23:28 xTR_sg kernel: [LISP_INPUT] Encapsulation delay 153744 
May  3 17:23:29 xTR_sg kernel: [LISP_INPUT] Lookup delay 3871 
May  3 17:23:29 xTR_sg kernel: [LISP_INPUT] Encapsulation delay 233750 
May  3 17:23:30 xTR_sg kernel: [LISP_INPUT] Lookup delay 2898 
May  3 17:23:30 xTR_sg kernel: [LISP_INPUT] Encapsulation delay 168440 
May  3 17:23:31 xTR_sg kernel: [LISP_INPUT] Lookup delay 2821 
May  3 17:23:31 xTR_sg kernel: [LISP_INPUT] Encapsulation delay 160245 
May  3 17:23:32 xTR_sg kernel: [LISP_INPUT] Lookup delay 2657 
May  3 17:23:32 xTR_sg kernel: [LISP_INPUT] Encapsulation delay 132248 
May  3 17:23:33 xTR_sg kernel: [LISP_INPUT] Lookup delay 2686 
May  3 17:23:33 xTR_sg kernel: [LISP_INPUT] Encapsulation delay 160984 
May  3 17:23:34 xTR_sg kernel: [LISP_INPUT] Lookup delay 3103 
May  3 17:23:34 xTR_sg kernel: [LISP_INPUT] Encapsulation delay 170462 
May  3 17:23:35 xTR_sg kernel: [LISP_INPUT] Lookup delay 2629 
May  3 17:23:35 xTR_sg kernel: [LISP_INPUT] Encapsulation delay 162481 
May  3 17:23:36 xTR_sg kernel: [LISP_INPUT] Lookup delay 2713 
May  3 17:23:36 xTR_sg kernel: [LISP_INPUT] Encapsulation delay 134786 
May  3 17:23:37 xTR_sg kernel: [LISP_INPUT] Lookup delay 3498 
May  3 17:23:37 xTR_sg kernel: [LISP_INPUT] Encapsulation delay 165004 
May  3 17:23:38 xTR_sg kernel: [LISP_INPUT] Lookup delay 4029 
May  3 17:23:38 xTR_sg kernel: [LISP_INPUT] Encapsulation delay 136738 
May  3 17:23:39 xTR_sg kernel: [LISP_INPUT] Lookup delay 2740 
May  3 17:23:39 xTR_sg kernel: [LISP_INPUT] Encapsulation delay 140862 
May  3 17:23:40 xTR_sg kernel: [LISP_INPUT] Lookup delay 5150 
May  3 17:23:40 xTR_sg kernel: [LISP_INPUT] Encapsulation delay 144280 
May  3 17:23:41 xTR_sg kernel: [LISP_INPUT] Lookup delay 2816 
May  3 17:23:41 xTR_sg kernel: [LISP_INPUT] Encapsulation delay 144112 
May  3 17:23:42 xTR_sg kernel: [LISP_INPUT] Lookup delay 2788 
May  3 17:23:42 xTR_sg kernel: [LISP_INPUT] Encapsulation delay 153335 
May  3 17:23:43 xTR_sg kernel: [LISP_INPUT] Lookup delay 2570 
May  3 17:23:43 xTR_sg kernel: [LISP_INPUT] Encapsulation delay 153159 
May  3 17:23:44 xTR_sg kernel: [LISP_INPUT] Lookup delay 3488 
May  3 17:23:44 xTR_sg kernel: [LISP_INPUT] Encapsulation delay 369878 
May  3 17:23:45 xTR_sg kernel: [LISP_INPUT] Lookup delay 6412 
May  3 17:23:45 xTR_sg kernel: [LISP_INPUT] Encapsulation delay 152568 
May  3 17:23:46 xTR_sg kernel: [LISP_INPUT] Lookup delay 2753 
May  3 17:23:46 xTR_sg kernel: [LISP_INPUT] Encapsulation delay 375094 
May  3 17:23:47 xTR_sg kernel: [LISP_INPUT] Lookup delay 3251 
May  3 17:23:47 xTR_sg kernel: [LISP_INPUT] Encapsulation delay 207571 
May  3 17:23:48 xTR_sg kernel: [LISP_INPUT] Lookup delay 4791 
May  3 17:23:48 xTR_sg kernel: [LISP_INPUT] Encapsulation delay 167076 
May  3 17:23:49 xTR_sg kernel: [LISP_INPUT] Lookup delay 3030 
May  3 17:23:49 xTR_sg kernel: [LISP_INPUT] Encapsulation delay 159267 
May  3 17:23:50 xTR_sg kernel: [LISP_INPUT] Lookup delay 2556 
May  3 17:23:50 xTR_sg kernel: [LISP_INPUT] Encapsulation delay 156141 
May  3 17:23:51 xTR_sg kernel: [LISP_INPUT] Lookup delay 2553 
May  3 17:23:51 xTR_sg kernel: [LISP_INPUT] Encapsulation delay 159236 
May  3 17:23:52 xTR_sg kernel: [LISP_INPUT] Lookup delay 64863 
May  3 17:23:52 xTR_sg kernel: [LISP_INPUT] Encapsulation delay 229423 
May  3 17:23:53 xTR_sg kernel: [LISP_INPUT] Lookup delay 2762 
May  3 17:23:53 xTR_sg kernel: [LISP_INPUT] Encapsulation delay 143389 
May  3 17:23:54 xTR_sg kernel: [LISP_INPUT] Lookup delay 2904 
May  3 17:23:54 xTR_sg kernel: [LISP_INPUT] Encapsulation delay 138477 
May  3 17:23:55 xTR_sg kernel: [LISP_INPUT] Lookup delay 2568 
May  3 17:23:55 xTR_sg kernel: [LISP_INPUT] Encapsulation delay 149915 
May  3 17:23:56 xTR_sg kernel: [LISP_INPUT] Lookup delay 2498 
May  3 17:23:56 xTR_sg kernel: [LISP_INPUT] Encapsulation delay 415454 
May  3 17:23:57 xTR_sg kernel: [LISP_INPUT] Lookup delay 3115 
May  3 17:23:57 xTR_sg kernel: [LISP_INPUT] Encapsulation delay 173697 
May  3 17:23:58 xTR_sg kernel: [LISP_INPUT] Lookup delay 2426 
May  3 17:23:58 xTR_sg kernel: [LISP_INPUT] Encapsulation delay 142183 
May  3 17:23:59 xTR_sg kernel: [LISP_INPUT] Lookup delay 3533 
May  3 17:23:59 xTR_sg kernel: [LISP_INPUT] Encapsulation delay 207278 
May  3 17:24:00 xTR_sg kernel: [LISP_INPUT] Lookup delay 2752 
May  3 17:24:00 xTR_sg kernel: [LISP_INPUT] Encapsulation delay 172309 
May  3 17:24:52 xTR_sg kernel: [LISP_CACHE_XPG] Expunged 0 out of  0 Expired Entries (out of 1)
May  3 17:24:52 xTR_sg kernel: [LISP_CACHE_XPG] Expunged 0 out of  0 Expired Entries (out of 0)
